{
  "uid" : "35d6b749a70ed1f3",
  "name" : "Register User",
  "fullName" : "tests.user_management_feature_test.TestRegistrationFeature#test_register_user_with_valid_data",
  "historyId" : "ffc730d7ba52dac5c28e5c2c09182fb8",
  "time" : {
    "start" : 1707039803746,
    "stop" : 1707039822547,
    "duration" : 18801
  },
  "status" : "broken",
  "statusMessage" : "selenium.common.exceptions.TimeoutException: Message:",
  "statusTrace" : "self = <tests.user_management_feature_test.TestRegistrationFeature object at 0x7f65ce973740>\n\n    @allure.title(\"Register User\")\n    @allure.severity(allure.severity_level.CRITICAL)\n    @allure.story(\"User registration\")\n    @allure.tag('TestCaseID: 1')\n    def test_register_user_with_valid_data(self):\n        self.home_page.open()\n        self.home_page.is_opened()\n        self.home_page.click_signup_login_button()\n        self.signup_login_page.is_opened()\n        self.signup_login_page.enter_signup_name()\n        self.signup_login_page.enter_signup_email()\n        self.signup_login_page.click_signup_button()\n        self.signup_page.is_opened()\n>       self.signup_page.fill_account_info_section()\n\ntests/user_management_feature_test.py:23: \n_ _ _ _ _ _ _ _ _ _ _ _ _ _ _ _ _ _ _ _ _ _ _ _ _ _ _ _ _ _ _ _ _ _ _ _ _ _ _ _ \npages/signup_page.py:41: in fill_account_info_section\n    self.select_radio_button(self.MR_RADIO_BTTN)\npages/base_page.py:65: in select_radio_button\n    radio_button = self.wait.until(EC.element_to_be_clickable(radio_locator))\n_ _ _ _ _ _ _ _ _ _ _ _ _ _ _ _ _ _ _ _ _ _ _ _ _ _ _ _ _ _ _ _ _ _ _ _ _ _ _ _ \n\nself = <selenium.webdriver.support.wait.WebDriverWait (session=\"85df397d8a1126c78b11775aa421cdb1\")>\nmethod = <function element_to_be_clickable.<locals>._predicate at 0x7f65ca8dc0e0>\nmessage = ''\n\n    def until(self, method: Callable[[D], Union[Literal[False], T]], message: str = \"\") -> T:\n        \"\"\"Calls the method provided with the driver as an argument until the \\\n        return value does not evaluate to ``False``.\n    \n        :param method: callable(WebDriver)\n        :param message: optional message for :exc:`TimeoutException`\n        :returns: the result of the last call to `method`\n        :raises: :exc:`selenium.common.exceptions.TimeoutException` if timeout occurs\n        \"\"\"\n        screen = None\n        stacktrace = None\n    \n        end_time = time.monotonic() + self._timeout\n        while True:\n            try:\n                value = method(self._driver)\n                if value:\n                    return value\n            except self._ignored_exceptions as exc:\n                screen = getattr(exc, \"screen\", None)\n                stacktrace = getattr(exc, \"stacktrace\", None)\n            time.sleep(self._poll)\n            if time.monotonic() > end_time:\n                break\n>       raise TimeoutException(message, screen, stacktrace)\nE       selenium.common.exceptions.TimeoutException: Message:\n\n../local/lib/python3.12/site-packages/selenium/webdriver/support/wait.py:105: TimeoutException",
  "flaky" : false,
  "newFailed" : false,
  "beforeStages" : [ {
    "name" : "_session_faker",
    "time" : {
      "start" : 1707039610606,
      "stop" : 1707039610680,
      "duration" : 74
    },
    "status" : "passed",
    "steps" : [ ],
    "attachments" : [ ],
    "parameters" : [ ],
    "stepsCount" : 0,
    "hasContent" : false,
    "attachmentsCount" : 0,
    "shouldDisplayMessage" : false
  }, {
    "name" : "browser",
    "time" : {
      "start" : 1707039802607,
      "stop" : 1707039803475,
      "duration" : 868
    },
    "status" : "passed",
    "steps" : [ ],
    "attachments" : [ ],
    "parameters" : [ ],
    "stepsCount" : 0,
    "hasContent" : false,
    "attachmentsCount" : 0,
    "shouldDisplayMessage" : false
  }, {
    "name" : "setup",
    "time" : {
      "start" : 1707039803475,
      "stop" : 1707039803746,
      "duration" : 271
    },
    "status" : "passed",
    "steps" : [ ],
    "attachments" : [ ],
    "parameters" : [ ],
    "stepsCount" : 0,
    "hasContent" : false,
    "attachmentsCount" : 0,
    "shouldDisplayMessage" : false
  } ],
  "testStage" : {
    "status" : "broken",
    "statusMessage" : "selenium.common.exceptions.TimeoutException: Message:",
    "statusTrace" : "self = <tests.user_management_feature_test.TestRegistrationFeature object at 0x7f65ce973740>\n\n    @allure.title(\"Register User\")\n    @allure.severity(allure.severity_level.CRITICAL)\n    @allure.story(\"User registration\")\n    @allure.tag('TestCaseID: 1')\n    def test_register_user_with_valid_data(self):\n        self.home_page.open()\n        self.home_page.is_opened()\n        self.home_page.click_signup_login_button()\n        self.signup_login_page.is_opened()\n        self.signup_login_page.enter_signup_name()\n        self.signup_login_page.enter_signup_email()\n        self.signup_login_page.click_signup_button()\n        self.signup_page.is_opened()\n>       self.signup_page.fill_account_info_section()\n\ntests/user_management_feature_test.py:23: \n_ _ _ _ _ _ _ _ _ _ _ _ _ _ _ _ _ _ _ _ _ _ _ _ _ _ _ _ _ _ _ _ _ _ _ _ _ _ _ _ \npages/signup_page.py:41: in fill_account_info_section\n    self.select_radio_button(self.MR_RADIO_BTTN)\npages/base_page.py:65: in select_radio_button\n    radio_button = self.wait.until(EC.element_to_be_clickable(radio_locator))\n_ _ _ _ _ _ _ _ _ _ _ _ _ _ _ _ _ _ _ _ _ _ _ _ _ _ _ _ _ _ _ _ _ _ _ _ _ _ _ _ \n\nself = <selenium.webdriver.support.wait.WebDriverWait (session=\"85df397d8a1126c78b11775aa421cdb1\")>\nmethod = <function element_to_be_clickable.<locals>._predicate at 0x7f65ca8dc0e0>\nmessage = ''\n\n    def until(self, method: Callable[[D], Union[Literal[False], T]], message: str = \"\") -> T:\n        \"\"\"Calls the method provided with the driver as an argument until the \\\n        return value does not evaluate to ``False``.\n    \n        :param method: callable(WebDriver)\n        :param message: optional message for :exc:`TimeoutException`\n        :returns: the result of the last call to `method`\n        :raises: :exc:`selenium.common.exceptions.TimeoutException` if timeout occurs\n        \"\"\"\n        screen = None\n        stacktrace = None\n    \n        end_time = time.monotonic() + self._timeout\n        while True:\n            try:\n                value = method(self._driver)\n                if value:\n                    return value\n            except self._ignored_exceptions as exc:\n                screen = getattr(exc, \"screen\", None)\n                stacktrace = getattr(exc, \"stacktrace\", None)\n            time.sleep(self._poll)\n            if time.monotonic() > end_time:\n                break\n>       raise TimeoutException(message, screen, stacktrace)\nE       selenium.common.exceptions.TimeoutException: Message:\n\n../local/lib/python3.12/site-packages/selenium/webdriver/support/wait.py:105: TimeoutException",
    "steps" : [ {
      "name" : "Open https://automationexercise.com/ page",
      "time" : {
        "start" : 1707039803746,
        "stop" : 1707039806217,
        "duration" : 2471
      },
      "status" : "passed",
      "steps" : [ ],
      "attachments" : [ ],
      "parameters" : [ ],
      "stepsCount" : 0,
      "hasContent" : false,
      "attachmentsCount" : 0,
      "shouldDisplayMessage" : false
    }, {
      "name" : "Page https://automationexercise.com/ is opened",
      "time" : {
        "start" : 1707039806217,
        "stop" : 1707039806232,
        "duration" : 15
      },
      "status" : "passed",
      "steps" : [ ],
      "attachments" : [ ],
      "parameters" : [ ],
      "stepsCount" : 0,
      "hasContent" : false,
      "attachmentsCount" : 0,
      "shouldDisplayMessage" : false
    }, {
      "name" : "Click Signup/Login header button",
      "time" : {
        "start" : 1707039806232,
        "stop" : 1707039806722,
        "duration" : 490
      },
      "status" : "passed",
      "steps" : [ ],
      "attachments" : [ ],
      "parameters" : [ ],
      "stepsCount" : 0,
      "hasContent" : false,
      "attachmentsCount" : 0,
      "shouldDisplayMessage" : false
    }, {
      "name" : "Page https://automationexercise.com/login is opened",
      "time" : {
        "start" : 1707039806722,
        "stop" : 1707039806731,
        "duration" : 9
      },
      "status" : "passed",
      "steps" : [ ],
      "attachments" : [ ],
      "parameters" : [ ],
      "stepsCount" : 0,
      "hasContent" : false,
      "attachmentsCount" : 0,
      "shouldDisplayMessage" : false
    }, {
      "name" : "Enter name for signup",
      "time" : {
        "start" : 1707039806731,
        "stop" : 1707039806842,
        "duration" : 111
      },
      "status" : "passed",
      "steps" : [ {
        "name" : "Fill field with value: 'Toni Miranda'",
        "time" : {
          "start" : 1707039806731,
          "stop" : 1707039806842,
          "duration" : 111
        },
        "status" : "passed",
        "steps" : [ ],
        "attachments" : [ ],
        "parameters" : [ {
          "name" : "locator",
          "value" : "('css selector', '[data-qa=\"signup-name\"]')"
        }, {
          "name" : "value",
          "value" : "'Toni Miranda'"
        } ],
        "stepsCount" : 0,
        "hasContent" : true,
        "attachmentsCount" : 0,
        "shouldDisplayMessage" : false
      } ],
      "attachments" : [ ],
      "parameters" : [ ],
      "stepsCount" : 1,
      "hasContent" : true,
      "attachmentsCount" : 0,
      "shouldDisplayMessage" : false
    }, {
      "name" : "Enter email for signup",
      "time" : {
        "start" : 1707039806842,
        "stop" : 1707039806933,
        "duration" : 91
      },
      "status" : "passed",
      "steps" : [ {
        "name" : "Fill field with value: 'testmail9666@mail.com'",
        "time" : {
          "start" : 1707039806842,
          "stop" : 1707039806933,
          "duration" : 91
        },
        "status" : "passed",
        "steps" : [ ],
        "attachments" : [ ],
        "parameters" : [ {
          "name" : "locator",
          "value" : "('css selector', '[data-qa=\"signup-email\"]')"
        }, {
          "name" : "value",
          "value" : "'testmail9666@mail.com'"
        } ],
        "stepsCount" : 0,
        "hasContent" : true,
        "attachmentsCount" : 0,
        "shouldDisplayMessage" : false
      } ],
      "attachments" : [ ],
      "parameters" : [ ],
      "stepsCount" : 1,
      "hasContent" : true,
      "attachmentsCount" : 0,
      "shouldDisplayMessage" : false
    }, {
      "name" : "Click signup button",
      "time" : {
        "start" : 1707039806933,
        "stop" : 1707039807459,
        "duration" : 526
      },
      "status" : "passed",
      "steps" : [ ],
      "attachments" : [ ],
      "parameters" : [ ],
      "stepsCount" : 0,
      "hasContent" : false,
      "attachmentsCount" : 0,
      "shouldDisplayMessage" : false
    }, {
      "name" : "Page https://automationexercise.com/signup is opened",
      "time" : {
        "start" : 1707039807459,
        "stop" : 1707039807468,
        "duration" : 9
      },
      "status" : "passed",
      "steps" : [ ],
      "attachments" : [ ],
      "parameters" : [ ],
      "stepsCount" : 0,
      "hasContent" : false,
      "attachmentsCount" : 0,
      "shouldDisplayMessage" : false
    }, {
      "name" : "Fill 'Enter Account Information' section",
      "time" : {
        "start" : 1707039807468,
        "stop" : 1707039822546,
        "duration" : 15078
      },
      "status" : "broken",
      "statusMessage" : "selenium.common.exceptions.TimeoutException: Message: \n\n",
      "statusTrace" : "  File \"/usr/local/lib/python3.12/site-packages/allure_commons/_allure.py\", line 192, in impl\n    return func(*a, **kw)\n           ^^^^^^^^^^^^^^\n  File \"/usr/workspace/pages/signup_page.py\", line 41, in fill_account_info_section\n    self.select_radio_button(self.MR_RADIO_BTTN)\n  File \"/usr/workspace/pages/base_page.py\", line 65, in select_radio_button\n    radio_button = self.wait.until(EC.element_to_be_clickable(radio_locator))\n                   ^^^^^^^^^^^^^^^^^^^^^^^^^^^^^^^^^^^^^^^^^^^^^^^^^^^^^^^^^^\n  File \"/usr/local/lib/python3.12/site-packages/selenium/webdriver/support/wait.py\", line 105, in until\n    raise TimeoutException(message, screen, stacktrace)\n",
      "steps" : [ ],
      "attachments" : [ ],
      "parameters" : [ ],
      "stepsCount" : 0,
      "hasContent" : true,
      "attachmentsCount" : 0,
      "shouldDisplayMessage" : true
    } ],
    "attachments" : [ ],
    "parameters" : [ ],
    "stepsCount" : 11,
    "hasContent" : true,
    "attachmentsCount" : 0,
    "shouldDisplayMessage" : true
  },
  "afterStages" : [ {
    "name" : "browser::0",
    "time" : {
      "start" : 1707039822554,
      "stop" : 1707039822669,
      "duration" : 115
    },
    "status" : "passed",
    "steps" : [ ],
    "attachments" : [ ],
    "parameters" : [ ],
    "stepsCount" : 0,
    "hasContent" : false,
    "attachmentsCount" : 0,
    "shouldDisplayMessage" : false
  } ],
  "labels" : [ {
    "name" : "tag",
    "value" : "TestCaseID: 1"
  }, {
    "name" : "story",
    "value" : "User registration"
  }, {
    "name" : "feature",
    "value" : "Registration Functionality"
  }, {
    "name" : "severity",
    "value" : "critical"
  }, {
    "name" : "parentSuite",
    "value" : "tests"
  }, {
    "name" : "suite",
    "value" : "user_management_feature_test"
  }, {
    "name" : "subSuite",
    "value" : "TestRegistrationFeature"
  }, {
    "name" : "host",
    "value" : "19a5a85171de"
  }, {
    "name" : "thread",
    "value" : "1-MainThread"
  }, {
    "name" : "framework",
    "value" : "pytest"
  }, {
    "name" : "language",
    "value" : "cpython3"
  }, {
    "name" : "package",
    "value" : "tests.user_management_feature_test"
  }, {
    "name" : "resultFormat",
    "value" : "allure2"
  } ],
  "parameters" : [ ],
  "links" : [ ],
  "hidden" : false,
  "retry" : false,
  "extra" : {
    "severity" : "critical",
    "retries" : [ ],
    "categories" : [ {
      "name" : "Test defects",
      "matchedStatuses" : [ ],
      "flaky" : false
    } ],
    "tags" : [ "TestCaseID: 1" ]
  },
  "source" : "35d6b749a70ed1f3.json",
  "parameterValues" : [ ]
}