{
  "uid" : "443afb85854bf2e8",
  "name" : "Login User with correct email and password",
  "fullName" : "tests.user_management_feature_test.TestRegistrationFeature#test_login_with_valid_data",
  "historyId" : "483d7fcebbc587c7de7241c637e54b1a",
  "time" : {
    "start" : 1707065076948,
    "stop" : 1707065094423,
    "duration" : 17475
  },
  "status" : "broken",
  "statusMessage" : "selenium.common.exceptions.TimeoutException: Message:",
  "statusTrace" : "self = <tests.user_management_feature_test.TestRegistrationFeature object at 0x7f3ea9f85cd0>\n\n    @allure.title(\"Login User with correct email and password\")\n    @allure.severity(allure.severity_level.CRITICAL)\n    @allure.story(\"User login\")\n    @allure.tag('TestCaseID: 2')\n    def test_login_with_valid_data(self):\n>       self.account_register()\n\ntests/user_management_feature_test.py:57: \n_ _ _ _ _ _ _ _ _ _ _ _ _ _ _ _ _ _ _ _ _ _ _ _ _ _ _ _ _ _ _ _ _ _ _ _ _ _ _ _ \ntests/base_test.py:63: in account_register\n    self.signup_page.fill_account_info_section()\npages/signup_page.py:41: in fill_account_info_section\n    self.select_radio_button(self.MR_RADIO_BTTN)\npages/base_page.py:65: in select_radio_button\n    radio_button = self.wait.until(EC.element_to_be_clickable(radio_locator))\n_ _ _ _ _ _ _ _ _ _ _ _ _ _ _ _ _ _ _ _ _ _ _ _ _ _ _ _ _ _ _ _ _ _ _ _ _ _ _ _ \n\nself = <selenium.webdriver.support.wait.WebDriverWait (session=\"1d4e26385580de4c3b197577dae13f1c\")>\nmethod = <function element_to_be_clickable.<locals>._predicate at 0x7f3eaadc89a0>\nmessage = ''\n\n    def until(self, method: Callable[[D], Union[Literal[False], T]], message: str = \"\") -> T:\n        \"\"\"Calls the method provided with the driver as an argument until the \\\n        return value does not evaluate to ``False``.\n    \n        :param method: callable(WebDriver)\n        :param message: optional message for :exc:`TimeoutException`\n        :returns: the result of the last call to `method`\n        :raises: :exc:`selenium.common.exceptions.TimeoutException` if timeout occurs\n        \"\"\"\n        screen = None\n        stacktrace = None\n    \n        end_time = time.monotonic() + self._timeout\n        while True:\n            try:\n                value = method(self._driver)\n                if value:\n                    return value\n            except self._ignored_exceptions as exc:\n                screen = getattr(exc, \"screen\", None)\n                stacktrace = getattr(exc, \"stacktrace\", None)\n            time.sleep(self._poll)\n            if time.monotonic() > end_time:\n                break\n>       raise TimeoutException(message, screen, stacktrace)\nE       selenium.common.exceptions.TimeoutException: Message:\n\n../local/lib/python3.12/site-packages/selenium/webdriver/support/wait.py:105: TimeoutException",
  "flaky" : false,
  "newFailed" : false,
  "beforeStages" : [ {
    "name" : "_session_faker",
    "time" : {
      "start" : 1707064852645,
      "stop" : 1707064852719,
      "duration" : 74
    },
    "status" : "passed",
    "steps" : [ ],
    "attachments" : [ ],
    "parameters" : [ ],
    "attachmentsCount" : 0,
    "shouldDisplayMessage" : false,
    "hasContent" : false,
    "stepsCount" : 0
  }, {
    "name" : "setup",
    "time" : {
      "start" : 1707065076678,
      "stop" : 1707065076947,
      "duration" : 269
    },
    "status" : "passed",
    "steps" : [ ],
    "attachments" : [ ],
    "parameters" : [ ],
    "attachmentsCount" : 0,
    "shouldDisplayMessage" : false,
    "hasContent" : false,
    "stepsCount" : 0
  }, {
    "name" : "browser",
    "time" : {
      "start" : 1707065075799,
      "stop" : 1707065076678,
      "duration" : 879
    },
    "status" : "passed",
    "steps" : [ ],
    "attachments" : [ ],
    "parameters" : [ ],
    "attachmentsCount" : 0,
    "shouldDisplayMessage" : false,
    "hasContent" : false,
    "stepsCount" : 0
  } ],
  "testStage" : {
    "status" : "broken",
    "statusMessage" : "selenium.common.exceptions.TimeoutException: Message:",
    "statusTrace" : "self = <tests.user_management_feature_test.TestRegistrationFeature object at 0x7f3ea9f85cd0>\n\n    @allure.title(\"Login User with correct email and password\")\n    @allure.severity(allure.severity_level.CRITICAL)\n    @allure.story(\"User login\")\n    @allure.tag('TestCaseID: 2')\n    def test_login_with_valid_data(self):\n>       self.account_register()\n\ntests/user_management_feature_test.py:57: \n_ _ _ _ _ _ _ _ _ _ _ _ _ _ _ _ _ _ _ _ _ _ _ _ _ _ _ _ _ _ _ _ _ _ _ _ _ _ _ _ \ntests/base_test.py:63: in account_register\n    self.signup_page.fill_account_info_section()\npages/signup_page.py:41: in fill_account_info_section\n    self.select_radio_button(self.MR_RADIO_BTTN)\npages/base_page.py:65: in select_radio_button\n    radio_button = self.wait.until(EC.element_to_be_clickable(radio_locator))\n_ _ _ _ _ _ _ _ _ _ _ _ _ _ _ _ _ _ _ _ _ _ _ _ _ _ _ _ _ _ _ _ _ _ _ _ _ _ _ _ \n\nself = <selenium.webdriver.support.wait.WebDriverWait (session=\"1d4e26385580de4c3b197577dae13f1c\")>\nmethod = <function element_to_be_clickable.<locals>._predicate at 0x7f3eaadc89a0>\nmessage = ''\n\n    def until(self, method: Callable[[D], Union[Literal[False], T]], message: str = \"\") -> T:\n        \"\"\"Calls the method provided with the driver as an argument until the \\\n        return value does not evaluate to ``False``.\n    \n        :param method: callable(WebDriver)\n        :param message: optional message for :exc:`TimeoutException`\n        :returns: the result of the last call to `method`\n        :raises: :exc:`selenium.common.exceptions.TimeoutException` if timeout occurs\n        \"\"\"\n        screen = None\n        stacktrace = None\n    \n        end_time = time.monotonic() + self._timeout\n        while True:\n            try:\n                value = method(self._driver)\n                if value:\n                    return value\n            except self._ignored_exceptions as exc:\n                screen = getattr(exc, \"screen\", None)\n                stacktrace = getattr(exc, \"stacktrace\", None)\n            time.sleep(self._poll)\n            if time.monotonic() > end_time:\n                break\n>       raise TimeoutException(message, screen, stacktrace)\nE       selenium.common.exceptions.TimeoutException: Message:\n\n../local/lib/python3.12/site-packages/selenium/webdriver/support/wait.py:105: TimeoutException",
    "steps" : [ {
      "name" : "Open https://automationexercise.com/ page",
      "time" : {
        "start" : 1707065076948,
        "stop" : 1707065077748,
        "duration" : 800
      },
      "status" : "passed",
      "steps" : [ ],
      "attachments" : [ ],
      "parameters" : [ ],
      "attachmentsCount" : 0,
      "shouldDisplayMessage" : false,
      "hasContent" : false,
      "stepsCount" : 0
    }, {
      "name" : "Page https://automationexercise.com/ is opened",
      "time" : {
        "start" : 1707065077748,
        "stop" : 1707065077764,
        "duration" : 16
      },
      "status" : "passed",
      "steps" : [ ],
      "attachments" : [ ],
      "parameters" : [ ],
      "attachmentsCount" : 0,
      "shouldDisplayMessage" : false,
      "hasContent" : false,
      "stepsCount" : 0
    }, {
      "name" : "Click Signup/Login header button",
      "time" : {
        "start" : 1707065077764,
        "stop" : 1707065078249,
        "duration" : 485
      },
      "status" : "passed",
      "steps" : [ ],
      "attachments" : [ ],
      "parameters" : [ ],
      "attachmentsCount" : 0,
      "shouldDisplayMessage" : false,
      "hasContent" : false,
      "stepsCount" : 0
    }, {
      "name" : "Page https://automationexercise.com/login is opened",
      "time" : {
        "start" : 1707065078249,
        "stop" : 1707065078259,
        "duration" : 10
      },
      "status" : "passed",
      "steps" : [ ],
      "attachments" : [ ],
      "parameters" : [ ],
      "attachmentsCount" : 0,
      "shouldDisplayMessage" : false,
      "hasContent" : false,
      "stepsCount" : 0
    }, {
      "name" : "Enter name for signup",
      "time" : {
        "start" : 1707065078259,
        "stop" : 1707065078385,
        "duration" : 126
      },
      "status" : "passed",
      "steps" : [ {
        "name" : "Fill field with value: 'Gregory Morgan'",
        "time" : {
          "start" : 1707065078259,
          "stop" : 1707065078385,
          "duration" : 126
        },
        "status" : "passed",
        "steps" : [ ],
        "attachments" : [ ],
        "parameters" : [ {
          "name" : "locator",
          "value" : "('css selector', '[data-qa=\"signup-name\"]')"
        }, {
          "name" : "value",
          "value" : "'Gregory Morgan'"
        } ],
        "attachmentsCount" : 0,
        "shouldDisplayMessage" : false,
        "hasContent" : true,
        "stepsCount" : 0
      } ],
      "attachments" : [ ],
      "parameters" : [ ],
      "attachmentsCount" : 0,
      "shouldDisplayMessage" : false,
      "hasContent" : true,
      "stepsCount" : 1
    }, {
      "name" : "Enter email for signup",
      "time" : {
        "start" : 1707065078385,
        "stop" : 1707065078473,
        "duration" : 88
      },
      "status" : "passed",
      "steps" : [ {
        "name" : "Fill field with value: 'testmail6619@mail.com'",
        "time" : {
          "start" : 1707065078385,
          "stop" : 1707065078473,
          "duration" : 88
        },
        "status" : "passed",
        "steps" : [ ],
        "attachments" : [ ],
        "parameters" : [ {
          "name" : "locator",
          "value" : "('css selector', '[data-qa=\"signup-email\"]')"
        }, {
          "name" : "value",
          "value" : "'testmail6619@mail.com'"
        } ],
        "attachmentsCount" : 0,
        "shouldDisplayMessage" : false,
        "hasContent" : true,
        "stepsCount" : 0
      } ],
      "attachments" : [ ],
      "parameters" : [ ],
      "attachmentsCount" : 0,
      "shouldDisplayMessage" : false,
      "hasContent" : true,
      "stepsCount" : 1
    }, {
      "name" : "Click signup button",
      "time" : {
        "start" : 1707065078473,
        "stop" : 1707065079246,
        "duration" : 773
      },
      "status" : "passed",
      "steps" : [ ],
      "attachments" : [ ],
      "parameters" : [ ],
      "attachmentsCount" : 0,
      "shouldDisplayMessage" : false,
      "hasContent" : false,
      "stepsCount" : 0
    }, {
      "name" : "Page https://automationexercise.com/signup is opened",
      "time" : {
        "start" : 1707065079246,
        "stop" : 1707065079266,
        "duration" : 20
      },
      "status" : "passed",
      "steps" : [ ],
      "attachments" : [ ],
      "parameters" : [ ],
      "attachmentsCount" : 0,
      "shouldDisplayMessage" : false,
      "hasContent" : false,
      "stepsCount" : 0
    }, {
      "name" : "Fill 'Enter Account Information' section",
      "time" : {
        "start" : 1707065079266,
        "stop" : 1707065094422,
        "duration" : 15156
      },
      "status" : "broken",
      "statusMessage" : "selenium.common.exceptions.TimeoutException: Message: \n\n",
      "statusTrace" : "  File \"/usr/local/lib/python3.12/site-packages/allure_commons/_allure.py\", line 192, in impl\n    return func(*a, **kw)\n           ^^^^^^^^^^^^^^\n  File \"/usr/workspace/pages/signup_page.py\", line 41, in fill_account_info_section\n    self.select_radio_button(self.MR_RADIO_BTTN)\n  File \"/usr/workspace/pages/base_page.py\", line 65, in select_radio_button\n    radio_button = self.wait.until(EC.element_to_be_clickable(radio_locator))\n                   ^^^^^^^^^^^^^^^^^^^^^^^^^^^^^^^^^^^^^^^^^^^^^^^^^^^^^^^^^^\n  File \"/usr/local/lib/python3.12/site-packages/selenium/webdriver/support/wait.py\", line 105, in until\n    raise TimeoutException(message, screen, stacktrace)\n",
      "steps" : [ ],
      "attachments" : [ ],
      "parameters" : [ ],
      "attachmentsCount" : 0,
      "shouldDisplayMessage" : true,
      "hasContent" : true,
      "stepsCount" : 0
    } ],
    "attachments" : [ ],
    "parameters" : [ ],
    "attachmentsCount" : 0,
    "shouldDisplayMessage" : true,
    "hasContent" : true,
    "stepsCount" : 11
  },
  "afterStages" : [ {
    "name" : "browser::0",
    "time" : {
      "start" : 1707065094432,
      "stop" : 1707065094548,
      "duration" : 116
    },
    "status" : "passed",
    "steps" : [ ],
    "attachments" : [ ],
    "parameters" : [ ],
    "attachmentsCount" : 0,
    "shouldDisplayMessage" : false,
    "hasContent" : false,
    "stepsCount" : 0
  } ],
  "labels" : [ {
    "name" : "tag",
    "value" : "TestCaseID: 2"
  }, {
    "name" : "severity",
    "value" : "critical"
  }, {
    "name" : "story",
    "value" : "User login"
  }, {
    "name" : "feature",
    "value" : "Registration Functionality"
  }, {
    "name" : "parentSuite",
    "value" : "tests"
  }, {
    "name" : "suite",
    "value" : "user_management_feature_test"
  }, {
    "name" : "subSuite",
    "value" : "TestRegistrationFeature"
  }, {
    "name" : "host",
    "value" : "d52989e04d7f"
  }, {
    "name" : "thread",
    "value" : "1-MainThread"
  }, {
    "name" : "framework",
    "value" : "pytest"
  }, {
    "name" : "language",
    "value" : "cpython3"
  }, {
    "name" : "package",
    "value" : "tests.user_management_feature_test"
  }, {
    "name" : "resultFormat",
    "value" : "allure2"
  } ],
  "parameters" : [ ],
  "links" : [ ],
  "hidden" : false,
  "retry" : false,
  "extra" : {
    "severity" : "critical",
    "retries" : [ ],
    "categories" : [ {
      "name" : "Test defects",
      "matchedStatuses" : [ ],
      "flaky" : false
    } ],
    "tags" : [ "TestCaseID: 2" ]
  },
  "source" : "443afb85854bf2e8.json",
  "parameterValues" : [ ]
}