{
  "uid" : "5443f37b87ec6347",
  "name" : "Remove All Products From Cart",
  "fullName" : "tests.product_management_feature_test.TestProductManagementFeature#test_remove_product_from_cart_until_products_present",
  "historyId" : "f348e6fd044b53ac7610866cf3c2ac85",
  "time" : {
    "start" : 1707129781447,
    "stop" : 1707129799110,
    "duration" : 17663
  },
  "status" : "broken",
  "statusMessage" : "selenium.common.exceptions.TimeoutException: Message:",
  "statusTrace" : "self = <tests.product_management_feature_test.TestProductManagementFeature object at 0x7f9869ef8110>\n\n    @allure.title(\"Remove All Products From Cart\")\n    @allure.severity(allure.severity_level.CRITICAL)\n    @allure.story(\"Cart & Wishlist\")\n    @allure.tag('TestCaseID: ~')\n    def test_remove_product_from_cart_until_products_present(self):\n        self.home_page.open()\n        self.home_page.is_opened()\n        self.home_page.click_products_button()\n        self.products_page.is_opened()\n        self.products_page.add_product_to_cart_by_name('Lace Top For Women')\n>       self.products_page.click_view_cart_bttn()\n\ntests/product_management_feature_test.py:149: \n_ _ _ _ _ _ _ _ _ _ _ _ _ _ _ _ _ _ _ _ _ _ _ _ _ _ _ _ _ _ _ _ _ _ _ _ _ _ _ _ \npages/products_page.py:52: in click_view_cart_bttn\n    self.is_added_modal_visible()\npages/products_page.py:39: in is_added_modal_visible\n    self.wait.until(EC.visibility_of_element_located(self.PRODUCT_ADDED_MODAL))\n_ _ _ _ _ _ _ _ _ _ _ _ _ _ _ _ _ _ _ _ _ _ _ _ _ _ _ _ _ _ _ _ _ _ _ _ _ _ _ _ \n\nself = <selenium.webdriver.support.wait.WebDriverWait (session=\"a180414ebad039c8c2a7e62ba925b0aa\")>\nmethod = <function visibility_of_element_located.<locals>._predicate at 0x7f986a9cef20>\nmessage = ''\n\n    def until(self, method: Callable[[D], Union[Literal[False], T]], message: str = \"\") -> T:\n        \"\"\"Calls the method provided with the driver as an argument until the \\\n        return value does not evaluate to ``False``.\n    \n        :param method: callable(WebDriver)\n        :param message: optional message for :exc:`TimeoutException`\n        :returns: the result of the last call to `method`\n        :raises: :exc:`selenium.common.exceptions.TimeoutException` if timeout occurs\n        \"\"\"\n        screen = None\n        stacktrace = None\n    \n        end_time = time.monotonic() + self._timeout\n        while True:\n            try:\n                value = method(self._driver)\n                if value:\n                    return value\n            except self._ignored_exceptions as exc:\n                screen = getattr(exc, \"screen\", None)\n                stacktrace = getattr(exc, \"stacktrace\", None)\n            time.sleep(self._poll)\n            if time.monotonic() > end_time:\n                break\n>       raise TimeoutException(message, screen, stacktrace)\nE       selenium.common.exceptions.TimeoutException: Message:\n\n../local/lib/python3.12/site-packages/selenium/webdriver/support/wait.py:105: TimeoutException",
  "flaky" : false,
  "newFailed" : false,
  "beforeStages" : [ {
    "name" : "setup",
    "time" : {
      "start" : 1707129781171,
      "stop" : 1707129781447,
      "duration" : 276
    },
    "status" : "passed",
    "steps" : [ ],
    "attachments" : [ ],
    "parameters" : [ ],
    "attachmentsCount" : 0,
    "shouldDisplayMessage" : false,
    "stepsCount" : 0,
    "hasContent" : false
  }, {
    "name" : "_session_faker",
    "time" : {
      "start" : 1707129730952,
      "stop" : 1707129731026,
      "duration" : 74
    },
    "status" : "passed",
    "steps" : [ ],
    "attachments" : [ ],
    "parameters" : [ ],
    "attachmentsCount" : 0,
    "shouldDisplayMessage" : false,
    "stepsCount" : 0,
    "hasContent" : false
  }, {
    "name" : "browser",
    "time" : {
      "start" : 1707129780315,
      "stop" : 1707129781171,
      "duration" : 856
    },
    "status" : "passed",
    "steps" : [ ],
    "attachments" : [ ],
    "parameters" : [ ],
    "attachmentsCount" : 0,
    "shouldDisplayMessage" : false,
    "stepsCount" : 0,
    "hasContent" : false
  } ],
  "testStage" : {
    "status" : "broken",
    "statusMessage" : "selenium.common.exceptions.TimeoutException: Message:",
    "statusTrace" : "self = <tests.product_management_feature_test.TestProductManagementFeature object at 0x7f9869ef8110>\n\n    @allure.title(\"Remove All Products From Cart\")\n    @allure.severity(allure.severity_level.CRITICAL)\n    @allure.story(\"Cart & Wishlist\")\n    @allure.tag('TestCaseID: ~')\n    def test_remove_product_from_cart_until_products_present(self):\n        self.home_page.open()\n        self.home_page.is_opened()\n        self.home_page.click_products_button()\n        self.products_page.is_opened()\n        self.products_page.add_product_to_cart_by_name('Lace Top For Women')\n>       self.products_page.click_view_cart_bttn()\n\ntests/product_management_feature_test.py:149: \n_ _ _ _ _ _ _ _ _ _ _ _ _ _ _ _ _ _ _ _ _ _ _ _ _ _ _ _ _ _ _ _ _ _ _ _ _ _ _ _ \npages/products_page.py:52: in click_view_cart_bttn\n    self.is_added_modal_visible()\npages/products_page.py:39: in is_added_modal_visible\n    self.wait.until(EC.visibility_of_element_located(self.PRODUCT_ADDED_MODAL))\n_ _ _ _ _ _ _ _ _ _ _ _ _ _ _ _ _ _ _ _ _ _ _ _ _ _ _ _ _ _ _ _ _ _ _ _ _ _ _ _ \n\nself = <selenium.webdriver.support.wait.WebDriverWait (session=\"a180414ebad039c8c2a7e62ba925b0aa\")>\nmethod = <function visibility_of_element_located.<locals>._predicate at 0x7f986a9cef20>\nmessage = ''\n\n    def until(self, method: Callable[[D], Union[Literal[False], T]], message: str = \"\") -> T:\n        \"\"\"Calls the method provided with the driver as an argument until the \\\n        return value does not evaluate to ``False``.\n    \n        :param method: callable(WebDriver)\n        :param message: optional message for :exc:`TimeoutException`\n        :returns: the result of the last call to `method`\n        :raises: :exc:`selenium.common.exceptions.TimeoutException` if timeout occurs\n        \"\"\"\n        screen = None\n        stacktrace = None\n    \n        end_time = time.monotonic() + self._timeout\n        while True:\n            try:\n                value = method(self._driver)\n                if value:\n                    return value\n            except self._ignored_exceptions as exc:\n                screen = getattr(exc, \"screen\", None)\n                stacktrace = getattr(exc, \"stacktrace\", None)\n            time.sleep(self._poll)\n            if time.monotonic() > end_time:\n                break\n>       raise TimeoutException(message, screen, stacktrace)\nE       selenium.common.exceptions.TimeoutException: Message:\n\n../local/lib/python3.12/site-packages/selenium/webdriver/support/wait.py:105: TimeoutException",
    "steps" : [ {
      "name" : "Open https://automationexercise.com/ page",
      "time" : {
        "start" : 1707129781447,
        "stop" : 1707129782555,
        "duration" : 1108
      },
      "status" : "passed",
      "steps" : [ ],
      "attachments" : [ ],
      "parameters" : [ ],
      "attachmentsCount" : 0,
      "shouldDisplayMessage" : false,
      "stepsCount" : 0,
      "hasContent" : false
    }, {
      "name" : "Page https://automationexercise.com/ is opened",
      "time" : {
        "start" : 1707129782555,
        "stop" : 1707129782570,
        "duration" : 15
      },
      "status" : "passed",
      "steps" : [ ],
      "attachments" : [ ],
      "parameters" : [ ],
      "attachmentsCount" : 0,
      "shouldDisplayMessage" : false,
      "stepsCount" : 0,
      "hasContent" : false
    }, {
      "name" : "Click products header button",
      "time" : {
        "start" : 1707129782570,
        "stop" : 1707129783467,
        "duration" : 897
      },
      "status" : "passed",
      "steps" : [ ],
      "attachments" : [ ],
      "parameters" : [ ],
      "attachmentsCount" : 0,
      "shouldDisplayMessage" : false,
      "stepsCount" : 0,
      "hasContent" : false
    }, {
      "name" : "Page https://automationexercise.com/products is opened",
      "time" : {
        "start" : 1707129783467,
        "stop" : 1707129783481,
        "duration" : 14
      },
      "status" : "passed",
      "steps" : [ ],
      "attachments" : [ ],
      "parameters" : [ ],
      "attachmentsCount" : 0,
      "shouldDisplayMessage" : false,
      "stepsCount" : 0,
      "hasContent" : false
    }, {
      "name" : "Add product: 'Lace Top For Women' to cart",
      "time" : {
        "start" : 1707129783481,
        "stop" : 1707129783931,
        "duration" : 450
      },
      "status" : "passed",
      "steps" : [ {
        "name" : "Scroll element into view",
        "time" : {
          "start" : 1707129783597,
          "stop" : 1707129783606,
          "duration" : 9
        },
        "status" : "passed",
        "steps" : [ ],
        "attachments" : [ ],
        "parameters" : [ {
          "name" : "element_locator",
          "value" : "('xpath', \"(//p[text()='Lace Top For Women'])[1]\")"
        } ],
        "attachmentsCount" : 0,
        "shouldDisplayMessage" : false,
        "stepsCount" : 0,
        "hasContent" : true
      }, {
        "name" : "Hover mouse over element",
        "time" : {
          "start" : 1707129783606,
          "stop" : 1707129783877,
          "duration" : 271
        },
        "status" : "passed",
        "steps" : [ ],
        "attachments" : [ ],
        "parameters" : [ {
          "name" : "element_locator",
          "value" : "('xpath', \"(//p[text()='Lace Top For Women'])[1]\")"
        } ],
        "attachmentsCount" : 0,
        "shouldDisplayMessage" : false,
        "stepsCount" : 0,
        "hasContent" : true
      } ],
      "attachments" : [ ],
      "parameters" : [ {
        "name" : "product_name",
        "value" : "'Lace Top For Women'"
      } ],
      "attachmentsCount" : 0,
      "shouldDisplayMessage" : false,
      "stepsCount" : 2,
      "hasContent" : true
    }, {
      "name" : "Click 'View Cart' button",
      "time" : {
        "start" : 1707129783931,
        "stop" : 1707129799109,
        "duration" : 15178
      },
      "status" : "broken",
      "statusMessage" : "selenium.common.exceptions.TimeoutException: Message: \n\n",
      "statusTrace" : "  File \"/usr/local/lib/python3.12/site-packages/allure_commons/_allure.py\", line 192, in impl\n    return func(*a, **kw)\n           ^^^^^^^^^^^^^^\n  File \"/usr/workspace/pages/products_page.py\", line 52, in click_view_cart_bttn\n    self.is_added_modal_visible()\n  File \"/usr/local/lib/python3.12/site-packages/allure_commons/_allure.py\", line 192, in impl\n    return func(*a, **kw)\n           ^^^^^^^^^^^^^^\n  File \"/usr/workspace/pages/products_page.py\", line 39, in is_added_modal_visible\n    self.wait.until(EC.visibility_of_element_located(self.PRODUCT_ADDED_MODAL))\n  File \"/usr/local/lib/python3.12/site-packages/selenium/webdriver/support/wait.py\", line 105, in until\n    raise TimeoutException(message, screen, stacktrace)\n",
      "steps" : [ {
        "name" : "'Your product has been added to cart.' modal pop up visible",
        "time" : {
          "start" : 1707129783931,
          "stop" : 1707129799108,
          "duration" : 15177
        },
        "status" : "broken",
        "statusMessage" : "selenium.common.exceptions.TimeoutException: Message: \n\n",
        "statusTrace" : "  File \"/usr/local/lib/python3.12/site-packages/allure_commons/_allure.py\", line 192, in impl\n    return func(*a, **kw)\n           ^^^^^^^^^^^^^^\n  File \"/usr/workspace/pages/products_page.py\", line 39, in is_added_modal_visible\n    self.wait.until(EC.visibility_of_element_located(self.PRODUCT_ADDED_MODAL))\n  File \"/usr/local/lib/python3.12/site-packages/selenium/webdriver/support/wait.py\", line 105, in until\n    raise TimeoutException(message, screen, stacktrace)\n",
        "steps" : [ ],
        "attachments" : [ ],
        "parameters" : [ ],
        "attachmentsCount" : 0,
        "shouldDisplayMessage" : true,
        "stepsCount" : 0,
        "hasContent" : true
      } ],
      "attachments" : [ ],
      "parameters" : [ ],
      "attachmentsCount" : 0,
      "shouldDisplayMessage" : false,
      "stepsCount" : 1,
      "hasContent" : true
    } ],
    "attachments" : [ ],
    "parameters" : [ ],
    "attachmentsCount" : 0,
    "shouldDisplayMessage" : true,
    "stepsCount" : 9,
    "hasContent" : true
  },
  "afterStages" : [ {
    "name" : "browser::0",
    "time" : {
      "start" : 1707129799146,
      "stop" : 1707129799264,
      "duration" : 118
    },
    "status" : "passed",
    "steps" : [ ],
    "attachments" : [ ],
    "parameters" : [ ],
    "attachmentsCount" : 0,
    "shouldDisplayMessage" : false,
    "stepsCount" : 0,
    "hasContent" : false
  } ],
  "labels" : [ {
    "name" : "tag",
    "value" : "TestCaseID: ~"
  }, {
    "name" : "severity",
    "value" : "critical"
  }, {
    "name" : "story",
    "value" : "Cart & Wishlist"
  }, {
    "name" : "feature",
    "value" : "Product Management"
  }, {
    "name" : "parentSuite",
    "value" : "tests"
  }, {
    "name" : "suite",
    "value" : "product_management_feature_test"
  }, {
    "name" : "subSuite",
    "value" : "TestProductManagementFeature"
  }, {
    "name" : "host",
    "value" : "6d6b19348b16"
  }, {
    "name" : "thread",
    "value" : "1-MainThread"
  }, {
    "name" : "framework",
    "value" : "pytest"
  }, {
    "name" : "language",
    "value" : "cpython3"
  }, {
    "name" : "package",
    "value" : "tests.product_management_feature_test"
  }, {
    "name" : "resultFormat",
    "value" : "allure2"
  } ],
  "parameters" : [ ],
  "links" : [ ],
  "hidden" : false,
  "retry" : false,
  "extra" : {
    "severity" : "critical",
    "retries" : [ ],
    "categories" : [ {
      "name" : "Test defects",
      "matchedStatuses" : [ ],
      "flaky" : false
    } ],
    "tags" : [ "TestCaseID: ~" ]
  },
  "source" : "5443f37b87ec6347.json",
  "parameterValues" : [ ]
}