{
  "uid" : "7e421e1cbd2aefe",
  "name" : "Logout User",
  "fullName" : "tests.user_management_feature_test.TestRegistrationFeature#test_logout_user",
  "historyId" : "7c1783309ba897d3e5e14d617ffd4181",
  "time" : {
    "start" : 1707065993151,
    "stop" : 1707066011849,
    "duration" : 18698
  },
  "status" : "broken",
  "statusMessage" : "selenium.common.exceptions.TimeoutException: Message:",
  "statusTrace" : "self = <tests.user_management_feature_test.TestRegistrationFeature object at 0x7f58187f2420>\n\n    @allure.title(\"Logout User\")\n    @allure.severity(allure.severity_level.CRITICAL)\n    @allure.story(\"User logout\")\n    @allure.tag('TestCaseID: 4')\n    def test_logout_user(self):\n>       self.account_register()\n\ntests/user_management_feature_test.py:88: \n_ _ _ _ _ _ _ _ _ _ _ _ _ _ _ _ _ _ _ _ _ _ _ _ _ _ _ _ _ _ _ _ _ _ _ _ _ _ _ _ \ntests/base_test.py:63: in account_register\n    self.signup_page.fill_account_info_section()\npages/signup_page.py:41: in fill_account_info_section\n    self.select_radio_button(self.MR_RADIO_BTTN)\npages/base_page.py:65: in select_radio_button\n    radio_button = self.wait.until(EC.element_to_be_clickable(radio_locator))\n_ _ _ _ _ _ _ _ _ _ _ _ _ _ _ _ _ _ _ _ _ _ _ _ _ _ _ _ _ _ _ _ _ _ _ _ _ _ _ _ \n\nself = <selenium.webdriver.support.wait.WebDriverWait (session=\"908d4b95aa266b01a16c12dcd54f4153\")>\nmethod = <function element_to_be_clickable.<locals>._predicate at 0x7f5816d0c0e0>\nmessage = ''\n\n    def until(self, method: Callable[[D], Union[Literal[False], T]], message: str = \"\") -> T:\n        \"\"\"Calls the method provided with the driver as an argument until the \\\n        return value does not evaluate to ``False``.\n    \n        :param method: callable(WebDriver)\n        :param message: optional message for :exc:`TimeoutException`\n        :returns: the result of the last call to `method`\n        :raises: :exc:`selenium.common.exceptions.TimeoutException` if timeout occurs\n        \"\"\"\n        screen = None\n        stacktrace = None\n    \n        end_time = time.monotonic() + self._timeout\n        while True:\n            try:\n                value = method(self._driver)\n                if value:\n                    return value\n            except self._ignored_exceptions as exc:\n                screen = getattr(exc, \"screen\", None)\n                stacktrace = getattr(exc, \"stacktrace\", None)\n            time.sleep(self._poll)\n            if time.monotonic() > end_time:\n                break\n>       raise TimeoutException(message, screen, stacktrace)\nE       selenium.common.exceptions.TimeoutException: Message:\n\n../local/lib/python3.12/site-packages/selenium/webdriver/support/wait.py:105: TimeoutException",
  "flaky" : false,
  "newFailed" : false,
  "beforeStages" : [ {
    "name" : "_session_faker",
    "time" : {
      "start" : 1707065725063,
      "stop" : 1707065725137,
      "duration" : 74
    },
    "status" : "passed",
    "steps" : [ ],
    "attachments" : [ ],
    "parameters" : [ ],
    "attachmentsCount" : 0,
    "shouldDisplayMessage" : false,
    "stepsCount" : 0,
    "hasContent" : false
  }, {
    "name" : "setup",
    "time" : {
      "start" : 1707065992879,
      "stop" : 1707065993150,
      "duration" : 271
    },
    "status" : "passed",
    "steps" : [ ],
    "attachments" : [ ],
    "parameters" : [ ],
    "attachmentsCount" : 0,
    "shouldDisplayMessage" : false,
    "stepsCount" : 0,
    "hasContent" : false
  }, {
    "name" : "browser",
    "time" : {
      "start" : 1707065991991,
      "stop" : 1707065992879,
      "duration" : 888
    },
    "status" : "passed",
    "steps" : [ ],
    "attachments" : [ ],
    "parameters" : [ ],
    "attachmentsCount" : 0,
    "shouldDisplayMessage" : false,
    "stepsCount" : 0,
    "hasContent" : false
  } ],
  "testStage" : {
    "status" : "broken",
    "statusMessage" : "selenium.common.exceptions.TimeoutException: Message:",
    "statusTrace" : "self = <tests.user_management_feature_test.TestRegistrationFeature object at 0x7f58187f2420>\n\n    @allure.title(\"Logout User\")\n    @allure.severity(allure.severity_level.CRITICAL)\n    @allure.story(\"User logout\")\n    @allure.tag('TestCaseID: 4')\n    def test_logout_user(self):\n>       self.account_register()\n\ntests/user_management_feature_test.py:88: \n_ _ _ _ _ _ _ _ _ _ _ _ _ _ _ _ _ _ _ _ _ _ _ _ _ _ _ _ _ _ _ _ _ _ _ _ _ _ _ _ \ntests/base_test.py:63: in account_register\n    self.signup_page.fill_account_info_section()\npages/signup_page.py:41: in fill_account_info_section\n    self.select_radio_button(self.MR_RADIO_BTTN)\npages/base_page.py:65: in select_radio_button\n    radio_button = self.wait.until(EC.element_to_be_clickable(radio_locator))\n_ _ _ _ _ _ _ _ _ _ _ _ _ _ _ _ _ _ _ _ _ _ _ _ _ _ _ _ _ _ _ _ _ _ _ _ _ _ _ _ \n\nself = <selenium.webdriver.support.wait.WebDriverWait (session=\"908d4b95aa266b01a16c12dcd54f4153\")>\nmethod = <function element_to_be_clickable.<locals>._predicate at 0x7f5816d0c0e0>\nmessage = ''\n\n    def until(self, method: Callable[[D], Union[Literal[False], T]], message: str = \"\") -> T:\n        \"\"\"Calls the method provided with the driver as an argument until the \\\n        return value does not evaluate to ``False``.\n    \n        :param method: callable(WebDriver)\n        :param message: optional message for :exc:`TimeoutException`\n        :returns: the result of the last call to `method`\n        :raises: :exc:`selenium.common.exceptions.TimeoutException` if timeout occurs\n        \"\"\"\n        screen = None\n        stacktrace = None\n    \n        end_time = time.monotonic() + self._timeout\n        while True:\n            try:\n                value = method(self._driver)\n                if value:\n                    return value\n            except self._ignored_exceptions as exc:\n                screen = getattr(exc, \"screen\", None)\n                stacktrace = getattr(exc, \"stacktrace\", None)\n            time.sleep(self._poll)\n            if time.monotonic() > end_time:\n                break\n>       raise TimeoutException(message, screen, stacktrace)\nE       selenium.common.exceptions.TimeoutException: Message:\n\n../local/lib/python3.12/site-packages/selenium/webdriver/support/wait.py:105: TimeoutException",
    "steps" : [ {
      "name" : "Open https://automationexercise.com/ page",
      "time" : {
        "start" : 1707065993151,
        "stop" : 1707065994201,
        "duration" : 1050
      },
      "status" : "passed",
      "steps" : [ ],
      "attachments" : [ ],
      "parameters" : [ ],
      "attachmentsCount" : 0,
      "shouldDisplayMessage" : false,
      "stepsCount" : 0,
      "hasContent" : false
    }, {
      "name" : "Page https://automationexercise.com/ is opened",
      "time" : {
        "start" : 1707065994201,
        "stop" : 1707065994216,
        "duration" : 15
      },
      "status" : "passed",
      "steps" : [ ],
      "attachments" : [ ],
      "parameters" : [ ],
      "attachmentsCount" : 0,
      "shouldDisplayMessage" : false,
      "stepsCount" : 0,
      "hasContent" : false
    }, {
      "name" : "Click Signup/Login header button",
      "time" : {
        "start" : 1707065994216,
        "stop" : 1707065995143,
        "duration" : 927
      },
      "status" : "passed",
      "steps" : [ ],
      "attachments" : [ ],
      "parameters" : [ ],
      "attachmentsCount" : 0,
      "shouldDisplayMessage" : false,
      "stepsCount" : 0,
      "hasContent" : false
    }, {
      "name" : "Page https://automationexercise.com/login is opened",
      "time" : {
        "start" : 1707065995143,
        "stop" : 1707065995175,
        "duration" : 32
      },
      "status" : "passed",
      "steps" : [ ],
      "attachments" : [ ],
      "parameters" : [ ],
      "attachmentsCount" : 0,
      "shouldDisplayMessage" : false,
      "stepsCount" : 0,
      "hasContent" : false
    }, {
      "name" : "Enter name for signup",
      "time" : {
        "start" : 1707065995175,
        "stop" : 1707065995263,
        "duration" : 88
      },
      "status" : "passed",
      "steps" : [ {
        "name" : "Fill field with value: 'Teresa Morgan'",
        "time" : {
          "start" : 1707065995175,
          "stop" : 1707065995263,
          "duration" : 88
        },
        "status" : "passed",
        "steps" : [ ],
        "attachments" : [ ],
        "parameters" : [ {
          "name" : "locator",
          "value" : "('css selector', '[data-qa=\"signup-name\"]')"
        }, {
          "name" : "value",
          "value" : "'Teresa Morgan'"
        } ],
        "attachmentsCount" : 0,
        "shouldDisplayMessage" : false,
        "stepsCount" : 0,
        "hasContent" : true
      } ],
      "attachments" : [ ],
      "parameters" : [ ],
      "attachmentsCount" : 0,
      "shouldDisplayMessage" : false,
      "stepsCount" : 1,
      "hasContent" : true
    }, {
      "name" : "Enter email for signup",
      "time" : {
        "start" : 1707065995264,
        "stop" : 1707065995350,
        "duration" : 86
      },
      "status" : "passed",
      "steps" : [ {
        "name" : "Fill field with value: 'testmail481@mail.com'",
        "time" : {
          "start" : 1707065995264,
          "stop" : 1707065995350,
          "duration" : 86
        },
        "status" : "passed",
        "steps" : [ ],
        "attachments" : [ ],
        "parameters" : [ {
          "name" : "locator",
          "value" : "('css selector', '[data-qa=\"signup-email\"]')"
        }, {
          "name" : "value",
          "value" : "'testmail481@mail.com'"
        } ],
        "attachmentsCount" : 0,
        "shouldDisplayMessage" : false,
        "stepsCount" : 0,
        "hasContent" : true
      } ],
      "attachments" : [ ],
      "parameters" : [ ],
      "attachmentsCount" : 0,
      "shouldDisplayMessage" : false,
      "stepsCount" : 1,
      "hasContent" : true
    }, {
      "name" : "Click signup button",
      "time" : {
        "start" : 1707065995350,
        "stop" : 1707065996668,
        "duration" : 1318
      },
      "status" : "passed",
      "steps" : [ ],
      "attachments" : [ ],
      "parameters" : [ ],
      "attachmentsCount" : 0,
      "shouldDisplayMessage" : false,
      "stepsCount" : 0,
      "hasContent" : false
    }, {
      "name" : "Page https://automationexercise.com/signup is opened",
      "time" : {
        "start" : 1707065996668,
        "stop" : 1707065996679,
        "duration" : 11
      },
      "status" : "passed",
      "steps" : [ ],
      "attachments" : [ ],
      "parameters" : [ ],
      "attachmentsCount" : 0,
      "shouldDisplayMessage" : false,
      "stepsCount" : 0,
      "hasContent" : false
    }, {
      "name" : "Fill 'Enter Account Information' section",
      "time" : {
        "start" : 1707065996679,
        "stop" : 1707066011849,
        "duration" : 15170
      },
      "status" : "broken",
      "statusMessage" : "selenium.common.exceptions.TimeoutException: Message: \n\n",
      "statusTrace" : "  File \"/usr/local/lib/python3.12/site-packages/allure_commons/_allure.py\", line 192, in impl\n    return func(*a, **kw)\n           ^^^^^^^^^^^^^^\n  File \"/usr/workspace/pages/signup_page.py\", line 41, in fill_account_info_section\n    self.select_radio_button(self.MR_RADIO_BTTN)\n  File \"/usr/workspace/pages/base_page.py\", line 65, in select_radio_button\n    radio_button = self.wait.until(EC.element_to_be_clickable(radio_locator))\n                   ^^^^^^^^^^^^^^^^^^^^^^^^^^^^^^^^^^^^^^^^^^^^^^^^^^^^^^^^^^\n  File \"/usr/local/lib/python3.12/site-packages/selenium/webdriver/support/wait.py\", line 105, in until\n    raise TimeoutException(message, screen, stacktrace)\n",
      "steps" : [ ],
      "attachments" : [ ],
      "parameters" : [ ],
      "attachmentsCount" : 0,
      "shouldDisplayMessage" : true,
      "stepsCount" : 0,
      "hasContent" : true
    } ],
    "attachments" : [ ],
    "parameters" : [ ],
    "attachmentsCount" : 0,
    "shouldDisplayMessage" : true,
    "stepsCount" : 11,
    "hasContent" : true
  },
  "afterStages" : [ {
    "name" : "browser::0",
    "time" : {
      "start" : 1707066011859,
      "stop" : 1707066011975,
      "duration" : 116
    },
    "status" : "passed",
    "steps" : [ ],
    "attachments" : [ ],
    "parameters" : [ ],
    "attachmentsCount" : 0,
    "shouldDisplayMessage" : false,
    "stepsCount" : 0,
    "hasContent" : false
  } ],
  "labels" : [ {
    "name" : "tag",
    "value" : "TestCaseID: 4"
  }, {
    "name" : "severity",
    "value" : "critical"
  }, {
    "name" : "feature",
    "value" : "Registration Functionality"
  }, {
    "name" : "story",
    "value" : "User logout"
  }, {
    "name" : "parentSuite",
    "value" : "tests"
  }, {
    "name" : "suite",
    "value" : "user_management_feature_test"
  }, {
    "name" : "subSuite",
    "value" : "TestRegistrationFeature"
  }, {
    "name" : "host",
    "value" : "a32048b95b00"
  }, {
    "name" : "thread",
    "value" : "1-MainThread"
  }, {
    "name" : "framework",
    "value" : "pytest"
  }, {
    "name" : "language",
    "value" : "cpython3"
  }, {
    "name" : "package",
    "value" : "tests.user_management_feature_test"
  }, {
    "name" : "resultFormat",
    "value" : "allure2"
  } ],
  "parameters" : [ ],
  "links" : [ ],
  "hidden" : false,
  "retry" : false,
  "extra" : {
    "severity" : "critical",
    "retries" : [ ],
    "categories" : [ {
      "name" : "Test defects",
      "matchedStatuses" : [ ],
      "flaky" : false
    } ],
    "tags" : [ "TestCaseID: 4" ]
  },
  "source" : "7e421e1cbd2aefe.json",
  "parameterValues" : [ ]
}