{
  "uid" : "a39b19d1ca7094c2",
  "name" : "Login User with correct email and password",
  "fullName" : "tests.user_management_feature_test.TestRegistrationFeature#test_login_with_valid_data",
  "historyId" : "483d7fcebbc587c7de7241c637e54b1a",
  "time" : {
    "start" : 1706697145570,
    "stop" : 1706697163704,
    "duration" : 18134
  },
  "status" : "broken",
  "statusMessage" : "selenium.common.exceptions.TimeoutException: Message:",
  "statusTrace" : "self = <tests.user_management_feature_test.TestRegistrationFeature object at 0x7f43f3ae41d0>\n\n    @allure.title(\"Login User with correct email and password\")\n    @allure.severity(allure.severity_level.CRITICAL)\n    @allure.story(\"User login\")\n    @allure.tag('TestCaseID: 2')\n    def test_login_with_valid_data(self):\n>       self.account_register()\n\ntests/user_management_feature_test.py:57: \n_ _ _ _ _ _ _ _ _ _ _ _ _ _ _ _ _ _ _ _ _ _ _ _ _ _ _ _ _ _ _ _ _ _ _ _ _ _ _ _ \ntests/base_test.py:63: in account_register\n    self.signup_page.fill_account_info_section()\npages/signup_page.py:41: in fill_account_info_section\n    self.select_radio_button(self.MR_RADIO_BTTN)\npages/base_page.py:67: in select_radio_button\n    radio_button = self.wait.until(EC.element_to_be_clickable(radio_locator))\n_ _ _ _ _ _ _ _ _ _ _ _ _ _ _ _ _ _ _ _ _ _ _ _ _ _ _ _ _ _ _ _ _ _ _ _ _ _ _ _ \n\nself = <selenium.webdriver.support.wait.WebDriverWait (session=\"daadb8917b782f92824d123a90498c81\")>\nmethod = <function element_to_be_clickable.<locals>._predicate at 0x7f43f466b920>\nmessage = ''\n\n    def until(self, method: Callable[[D], Union[Literal[False], T]], message: str = \"\") -> T:\n        \"\"\"Calls the method provided with the driver as an argument until the \\\n        return value does not evaluate to ``False``.\n    \n        :param method: callable(WebDriver)\n        :param message: optional message for :exc:`TimeoutException`\n        :returns: the result of the last call to `method`\n        :raises: :exc:`selenium.common.exceptions.TimeoutException` if timeout occurs\n        \"\"\"\n        screen = None\n        stacktrace = None\n    \n        end_time = time.monotonic() + self._timeout\n        while True:\n            try:\n                value = method(self._driver)\n                if value:\n                    return value\n            except self._ignored_exceptions as exc:\n                screen = getattr(exc, \"screen\", None)\n                stacktrace = getattr(exc, \"stacktrace\", None)\n            time.sleep(self._poll)\n            if time.monotonic() > end_time:\n                break\n>       raise TimeoutException(message, screen, stacktrace)\nE       selenium.common.exceptions.TimeoutException: Message:\n\n../local/lib/python3.12/site-packages/selenium/webdriver/support/wait.py:105: TimeoutException",
  "flaky" : false,
  "newFailed" : false,
  "beforeStages" : [ {
    "name" : "_session_faker",
    "time" : {
      "start" : 1706696923124,
      "stop" : 1706696923206,
      "duration" : 82
    },
    "status" : "passed",
    "steps" : [ ],
    "attachments" : [ ],
    "parameters" : [ ],
    "attachmentsCount" : 0,
    "shouldDisplayMessage" : false,
    "stepsCount" : 0,
    "hasContent" : false
  }, {
    "name" : "setup",
    "time" : {
      "start" : 1706697145300,
      "stop" : 1706697145570,
      "duration" : 270
    },
    "status" : "passed",
    "steps" : [ ],
    "attachments" : [ ],
    "parameters" : [ ],
    "attachmentsCount" : 0,
    "shouldDisplayMessage" : false,
    "stepsCount" : 0,
    "hasContent" : false
  }, {
    "name" : "browser",
    "time" : {
      "start" : 1706697144417,
      "stop" : 1706697145300,
      "duration" : 883
    },
    "status" : "passed",
    "steps" : [ ],
    "attachments" : [ ],
    "parameters" : [ ],
    "attachmentsCount" : 0,
    "shouldDisplayMessage" : false,
    "stepsCount" : 0,
    "hasContent" : false
  } ],
  "testStage" : {
    "status" : "broken",
    "statusMessage" : "selenium.common.exceptions.TimeoutException: Message:",
    "statusTrace" : "self = <tests.user_management_feature_test.TestRegistrationFeature object at 0x7f43f3ae41d0>\n\n    @allure.title(\"Login User with correct email and password\")\n    @allure.severity(allure.severity_level.CRITICAL)\n    @allure.story(\"User login\")\n    @allure.tag('TestCaseID: 2')\n    def test_login_with_valid_data(self):\n>       self.account_register()\n\ntests/user_management_feature_test.py:57: \n_ _ _ _ _ _ _ _ _ _ _ _ _ _ _ _ _ _ _ _ _ _ _ _ _ _ _ _ _ _ _ _ _ _ _ _ _ _ _ _ \ntests/base_test.py:63: in account_register\n    self.signup_page.fill_account_info_section()\npages/signup_page.py:41: in fill_account_info_section\n    self.select_radio_button(self.MR_RADIO_BTTN)\npages/base_page.py:67: in select_radio_button\n    radio_button = self.wait.until(EC.element_to_be_clickable(radio_locator))\n_ _ _ _ _ _ _ _ _ _ _ _ _ _ _ _ _ _ _ _ _ _ _ _ _ _ _ _ _ _ _ _ _ _ _ _ _ _ _ _ \n\nself = <selenium.webdriver.support.wait.WebDriverWait (session=\"daadb8917b782f92824d123a90498c81\")>\nmethod = <function element_to_be_clickable.<locals>._predicate at 0x7f43f466b920>\nmessage = ''\n\n    def until(self, method: Callable[[D], Union[Literal[False], T]], message: str = \"\") -> T:\n        \"\"\"Calls the method provided with the driver as an argument until the \\\n        return value does not evaluate to ``False``.\n    \n        :param method: callable(WebDriver)\n        :param message: optional message for :exc:`TimeoutException`\n        :returns: the result of the last call to `method`\n        :raises: :exc:`selenium.common.exceptions.TimeoutException` if timeout occurs\n        \"\"\"\n        screen = None\n        stacktrace = None\n    \n        end_time = time.monotonic() + self._timeout\n        while True:\n            try:\n                value = method(self._driver)\n                if value:\n                    return value\n            except self._ignored_exceptions as exc:\n                screen = getattr(exc, \"screen\", None)\n                stacktrace = getattr(exc, \"stacktrace\", None)\n            time.sleep(self._poll)\n            if time.monotonic() > end_time:\n                break\n>       raise TimeoutException(message, screen, stacktrace)\nE       selenium.common.exceptions.TimeoutException: Message:\n\n../local/lib/python3.12/site-packages/selenium/webdriver/support/wait.py:105: TimeoutException",
    "steps" : [ {
      "name" : "Open https://automationexercise.com/ page",
      "time" : {
        "start" : 1706697145570,
        "stop" : 1706697147421,
        "duration" : 1851
      },
      "status" : "passed",
      "steps" : [ ],
      "attachments" : [ ],
      "parameters" : [ ],
      "attachmentsCount" : 0,
      "shouldDisplayMessage" : false,
      "stepsCount" : 0,
      "hasContent" : false
    }, {
      "name" : "Page https://automationexercise.com/ is opened",
      "time" : {
        "start" : 1706697147430,
        "stop" : 1706697147440,
        "duration" : 10
      },
      "status" : "passed",
      "steps" : [ ],
      "attachments" : [ ],
      "parameters" : [ ],
      "attachmentsCount" : 0,
      "shouldDisplayMessage" : false,
      "stepsCount" : 0,
      "hasContent" : false
    }, {
      "name" : "Click Signup/Login header button",
      "time" : {
        "start" : 1706697147440,
        "stop" : 1706697147871,
        "duration" : 431
      },
      "status" : "passed",
      "steps" : [ ],
      "attachments" : [ ],
      "parameters" : [ ],
      "attachmentsCount" : 0,
      "shouldDisplayMessage" : false,
      "stepsCount" : 0,
      "hasContent" : false
    }, {
      "name" : "Page https://automationexercise.com/login is opened",
      "time" : {
        "start" : 1706697147875,
        "stop" : 1706697147884,
        "duration" : 9
      },
      "status" : "passed",
      "steps" : [ ],
      "attachments" : [ ],
      "parameters" : [ ],
      "attachmentsCount" : 0,
      "shouldDisplayMessage" : false,
      "stepsCount" : 0,
      "hasContent" : false
    }, {
      "name" : "Enter name for signup",
      "time" : {
        "start" : 1706697147884,
        "stop" : 1706697147992,
        "duration" : 108
      },
      "status" : "passed",
      "steps" : [ {
        "name" : "Fill field with value: 'Anthony Flowers'",
        "time" : {
          "start" : 1706697147884,
          "stop" : 1706697147992,
          "duration" : 108
        },
        "status" : "passed",
        "steps" : [ ],
        "attachments" : [ ],
        "parameters" : [ {
          "name" : "locator",
          "value" : "('css selector', '[data-qa=\"signup-name\"]')"
        }, {
          "name" : "value",
          "value" : "'Anthony Flowers'"
        } ],
        "attachmentsCount" : 0,
        "shouldDisplayMessage" : false,
        "stepsCount" : 0,
        "hasContent" : true
      } ],
      "attachments" : [ ],
      "parameters" : [ ],
      "attachmentsCount" : 0,
      "shouldDisplayMessage" : false,
      "stepsCount" : 1,
      "hasContent" : true
    }, {
      "name" : "Enter email for signup",
      "time" : {
        "start" : 1706697147992,
        "stop" : 1706697148077,
        "duration" : 85
      },
      "status" : "passed",
      "steps" : [ {
        "name" : "Fill field with value: 'testmail1957@mail.com'",
        "time" : {
          "start" : 1706697147992,
          "stop" : 1706697148077,
          "duration" : 85
        },
        "status" : "passed",
        "steps" : [ ],
        "attachments" : [ ],
        "parameters" : [ {
          "name" : "locator",
          "value" : "('css selector', '[data-qa=\"signup-email\"]')"
        }, {
          "name" : "value",
          "value" : "'testmail1957@mail.com'"
        } ],
        "attachmentsCount" : 0,
        "shouldDisplayMessage" : false,
        "stepsCount" : 0,
        "hasContent" : true
      } ],
      "attachments" : [ ],
      "parameters" : [ ],
      "attachmentsCount" : 0,
      "shouldDisplayMessage" : false,
      "stepsCount" : 1,
      "hasContent" : true
    }, {
      "name" : "Click signup button",
      "time" : {
        "start" : 1706697148078,
        "stop" : 1706697148606,
        "duration" : 528
      },
      "status" : "passed",
      "steps" : [ ],
      "attachments" : [ ],
      "parameters" : [ ],
      "attachmentsCount" : 0,
      "shouldDisplayMessage" : false,
      "stepsCount" : 0,
      "hasContent" : false
    }, {
      "name" : "Page https://automationexercise.com/signup is opened",
      "time" : {
        "start" : 1706697148610,
        "stop" : 1706697148620,
        "duration" : 10
      },
      "status" : "passed",
      "steps" : [ ],
      "attachments" : [ ],
      "parameters" : [ ],
      "attachmentsCount" : 0,
      "shouldDisplayMessage" : false,
      "stepsCount" : 0,
      "hasContent" : false
    }, {
      "name" : "Fill 'Enter Account Information' section",
      "time" : {
        "start" : 1706697148620,
        "stop" : 1706697163703,
        "duration" : 15083
      },
      "status" : "broken",
      "statusMessage" : "selenium.common.exceptions.TimeoutException: Message: \n\n",
      "statusTrace" : "  File \"/usr/local/lib/python3.12/site-packages/allure_commons/_allure.py\", line 192, in impl\n    return func(*a, **kw)\n           ^^^^^^^^^^^^^^\n  File \"/usr/workspace/pages/signup_page.py\", line 41, in fill_account_info_section\n    self.select_radio_button(self.MR_RADIO_BTTN)\n  File \"/usr/workspace/pages/base_page.py\", line 67, in select_radio_button\n    radio_button = self.wait.until(EC.element_to_be_clickable(radio_locator))\n                   ^^^^^^^^^^^^^^^^^^^^^^^^^^^^^^^^^^^^^^^^^^^^^^^^^^^^^^^^^^\n  File \"/usr/local/lib/python3.12/site-packages/selenium/webdriver/support/wait.py\", line 105, in until\n    raise TimeoutException(message, screen, stacktrace)\n",
      "steps" : [ ],
      "attachments" : [ ],
      "parameters" : [ ],
      "attachmentsCount" : 0,
      "shouldDisplayMessage" : true,
      "stepsCount" : 0,
      "hasContent" : true
    } ],
    "attachments" : [ ],
    "parameters" : [ ],
    "attachmentsCount" : 0,
    "shouldDisplayMessage" : true,
    "stepsCount" : 11,
    "hasContent" : true
  },
  "afterStages" : [ {
    "name" : "browser::0",
    "time" : {
      "start" : 1706697163712,
      "stop" : 1706697163827,
      "duration" : 115
    },
    "status" : "passed",
    "steps" : [ ],
    "attachments" : [ ],
    "parameters" : [ ],
    "attachmentsCount" : 0,
    "shouldDisplayMessage" : false,
    "stepsCount" : 0,
    "hasContent" : false
  } ],
  "labels" : [ {
    "name" : "feature",
    "value" : "Registration Functionality"
  }, {
    "name" : "tag",
    "value" : "TestCaseID: 2"
  }, {
    "name" : "story",
    "value" : "User login"
  }, {
    "name" : "severity",
    "value" : "critical"
  }, {
    "name" : "parentSuite",
    "value" : "tests"
  }, {
    "name" : "suite",
    "value" : "user_management_feature_test"
  }, {
    "name" : "subSuite",
    "value" : "TestRegistrationFeature"
  }, {
    "name" : "host",
    "value" : "574a6cd23c37"
  }, {
    "name" : "thread",
    "value" : "1-MainThread"
  }, {
    "name" : "framework",
    "value" : "pytest"
  }, {
    "name" : "language",
    "value" : "cpython3"
  }, {
    "name" : "package",
    "value" : "tests.user_management_feature_test"
  }, {
    "name" : "resultFormat",
    "value" : "allure2"
  } ],
  "parameters" : [ ],
  "links" : [ ],
  "hidden" : false,
  "retry" : false,
  "extra" : {
    "severity" : "critical",
    "retries" : [ ],
    "categories" : [ {
      "name" : "Test defects",
      "matchedStatuses" : [ ],
      "flaky" : false
    } ],
    "tags" : [ "TestCaseID: 2" ]
  },
  "source" : "a39b19d1ca7094c2.json",
  "parameterValues" : [ ]
}