{
  "uid" : "b15bf12a607ba598",
  "name" : "Contact Us Form",
  "fullName" : "tests.customer_support_feature_test.TestContactUsFeature#test_contact_us_form",
  "historyId" : "e65723a6056ad021773889a9622c5514",
  "time" : {
    "start" : 1706535859232,
    "stop" : 1706535879802,
    "duration" : 20570
  },
  "status" : "broken",
  "statusMessage" : "selenium.common.exceptions.TimeoutException: Message:",
  "statusTrace" : "self = <tests.customer_support_feature_test.TestContactUsFeature object at 0x7ff953e64980>\n\n    @allure.title(\"Contact Us Form\")\n    @allure.severity(allure.severity_level.CRITICAL)\n    @allure.tag('TestCaseID: 6')\n    def test_contact_us_form(self):\n        self.home_page.open()\n        self.home_page.is_opened()\n        self.home_page.is_header_visible()\n        self.home_page.click_contact_us_button()\n        self.contact_us_page.is_opened()\n        self.contact_us_page.is_contact_us_form_visible()\n        self.contact_us_page.fill_contact_us_form()\n        self.contact_us_page.upload_file_to_contact_us()\n        self.contact_us_page.click_continue_button()\n        self.contact_us_page.accept_alert()\n        self.contact_us_page.make_screenshot(\"Success message\")\n        self.contact_us_page.click_home_bttn()\n        self.home_page.is_header_visible()\n>       self.home_page.is_opened()\n\ntests/customer_support_feature_test.py:25: \n_ _ _ _ _ _ _ _ _ _ _ _ _ _ _ _ _ _ _ _ _ _ _ _ _ _ _ _ _ _ _ _ _ _ _ _ _ _ _ _ \npages/base_page.py:32: in is_opened\n    self.wait.until(EC.url_to_be(self.PAGE_URL.split('#')[0]))\n_ _ _ _ _ _ _ _ _ _ _ _ _ _ _ _ _ _ _ _ _ _ _ _ _ _ _ _ _ _ _ _ _ _ _ _ _ _ _ _ \n\nself = <selenium.webdriver.support.wait.WebDriverWait (session=\"e0e401b918f2c5d84de2257de0be4dfd\")>\nmethod = <function url_to_be.<locals>._predicate at 0x7ff95425a480>\nmessage = ''\n\n    def until(self, method: Callable[[D], Union[Literal[False], T]], message: str = \"\") -> T:\n        \"\"\"Calls the method provided with the driver as an argument until the \\\n        return value does not evaluate to ``False``.\n    \n        :param method: callable(WebDriver)\n        :param message: optional message for :exc:`TimeoutException`\n        :returns: the result of the last call to `method`\n        :raises: :exc:`selenium.common.exceptions.TimeoutException` if timeout occurs\n        \"\"\"\n        screen = None\n        stacktrace = None\n    \n        end_time = time.monotonic() + self._timeout\n        while True:\n            try:\n                value = method(self._driver)\n                if value:\n                    return value\n            except self._ignored_exceptions as exc:\n                screen = getattr(exc, \"screen\", None)\n                stacktrace = getattr(exc, \"stacktrace\", None)\n            time.sleep(self._poll)\n            if time.monotonic() > end_time:\n                break\n>       raise TimeoutException(message, screen, stacktrace)\nE       selenium.common.exceptions.TimeoutException: Message:\n\n../local/lib/python3.12/site-packages/selenium/webdriver/support/wait.py:105: TimeoutException",
  "flaky" : false,
  "newFailed" : false,
  "beforeStages" : [ {
    "name" : "setup",
    "time" : {
      "start" : 1706535858931,
      "stop" : 1706535859231,
      "duration" : 300
    },
    "status" : "passed",
    "steps" : [ ],
    "attachments" : [ ],
    "parameters" : [ ],
    "attachmentsCount" : 0,
    "shouldDisplayMessage" : false,
    "stepsCount" : 0,
    "hasContent" : false
  }, {
    "name" : "_session_faker",
    "time" : {
      "start" : 1706535857904,
      "stop" : 1706535857988,
      "duration" : 84
    },
    "status" : "passed",
    "steps" : [ ],
    "attachments" : [ ],
    "parameters" : [ ],
    "attachmentsCount" : 0,
    "shouldDisplayMessage" : false,
    "stepsCount" : 0,
    "hasContent" : false
  }, {
    "name" : "browser",
    "time" : {
      "start" : 1706535857989,
      "stop" : 1706535858931,
      "duration" : 942
    },
    "status" : "passed",
    "steps" : [ ],
    "attachments" : [ ],
    "parameters" : [ ],
    "attachmentsCount" : 0,
    "shouldDisplayMessage" : false,
    "stepsCount" : 0,
    "hasContent" : false
  } ],
  "testStage" : {
    "status" : "broken",
    "statusMessage" : "selenium.common.exceptions.TimeoutException: Message:",
    "statusTrace" : "self = <tests.customer_support_feature_test.TestContactUsFeature object at 0x7ff953e64980>\n\n    @allure.title(\"Contact Us Form\")\n    @allure.severity(allure.severity_level.CRITICAL)\n    @allure.tag('TestCaseID: 6')\n    def test_contact_us_form(self):\n        self.home_page.open()\n        self.home_page.is_opened()\n        self.home_page.is_header_visible()\n        self.home_page.click_contact_us_button()\n        self.contact_us_page.is_opened()\n        self.contact_us_page.is_contact_us_form_visible()\n        self.contact_us_page.fill_contact_us_form()\n        self.contact_us_page.upload_file_to_contact_us()\n        self.contact_us_page.click_continue_button()\n        self.contact_us_page.accept_alert()\n        self.contact_us_page.make_screenshot(\"Success message\")\n        self.contact_us_page.click_home_bttn()\n        self.home_page.is_header_visible()\n>       self.home_page.is_opened()\n\ntests/customer_support_feature_test.py:25: \n_ _ _ _ _ _ _ _ _ _ _ _ _ _ _ _ _ _ _ _ _ _ _ _ _ _ _ _ _ _ _ _ _ _ _ _ _ _ _ _ \npages/base_page.py:32: in is_opened\n    self.wait.until(EC.url_to_be(self.PAGE_URL.split('#')[0]))\n_ _ _ _ _ _ _ _ _ _ _ _ _ _ _ _ _ _ _ _ _ _ _ _ _ _ _ _ _ _ _ _ _ _ _ _ _ _ _ _ \n\nself = <selenium.webdriver.support.wait.WebDriverWait (session=\"e0e401b918f2c5d84de2257de0be4dfd\")>\nmethod = <function url_to_be.<locals>._predicate at 0x7ff95425a480>\nmessage = ''\n\n    def until(self, method: Callable[[D], Union[Literal[False], T]], message: str = \"\") -> T:\n        \"\"\"Calls the method provided with the driver as an argument until the \\\n        return value does not evaluate to ``False``.\n    \n        :param method: callable(WebDriver)\n        :param message: optional message for :exc:`TimeoutException`\n        :returns: the result of the last call to `method`\n        :raises: :exc:`selenium.common.exceptions.TimeoutException` if timeout occurs\n        \"\"\"\n        screen = None\n        stacktrace = None\n    \n        end_time = time.monotonic() + self._timeout\n        while True:\n            try:\n                value = method(self._driver)\n                if value:\n                    return value\n            except self._ignored_exceptions as exc:\n                screen = getattr(exc, \"screen\", None)\n                stacktrace = getattr(exc, \"stacktrace\", None)\n            time.sleep(self._poll)\n            if time.monotonic() > end_time:\n                break\n>       raise TimeoutException(message, screen, stacktrace)\nE       selenium.common.exceptions.TimeoutException: Message:\n\n../local/lib/python3.12/site-packages/selenium/webdriver/support/wait.py:105: TimeoutException",
    "steps" : [ {
      "name" : "Open https://automationexercise.com/ page",
      "time" : {
        "start" : 1706535859232,
        "stop" : 1706535860867,
        "duration" : 1635
      },
      "status" : "passed",
      "steps" : [ ],
      "attachments" : [ ],
      "parameters" : [ ],
      "attachmentsCount" : 0,
      "shouldDisplayMessage" : false,
      "stepsCount" : 0,
      "hasContent" : false
    }, {
      "name" : "Site header visible",
      "time" : {
        "start" : 1706535860868,
        "stop" : 1706535860886,
        "duration" : 18
      },
      "status" : "passed",
      "steps" : [ ],
      "attachments" : [ ],
      "parameters" : [ ],
      "attachmentsCount" : 0,
      "shouldDisplayMessage" : false,
      "stepsCount" : 0,
      "hasContent" : false
    }, {
      "name" : "Page https://automationexercise.com/ is opened",
      "time" : {
        "start" : 1706535860886,
        "stop" : 1706535860889,
        "duration" : 3
      },
      "status" : "passed",
      "steps" : [ ],
      "attachments" : [ ],
      "parameters" : [ ],
      "attachmentsCount" : 0,
      "shouldDisplayMessage" : false,
      "stepsCount" : 0,
      "hasContent" : false
    }, {
      "name" : "Site header visible",
      "time" : {
        "start" : 1706535860889,
        "stop" : 1706535860903,
        "duration" : 14
      },
      "status" : "passed",
      "steps" : [ ],
      "attachments" : [ ],
      "parameters" : [ ],
      "attachmentsCount" : 0,
      "shouldDisplayMessage" : false,
      "stepsCount" : 0,
      "hasContent" : false
    }, {
      "name" : "Click 'Contact Us' header button",
      "time" : {
        "start" : 1706535860903,
        "stop" : 1706535863548,
        "duration" : 2645
      },
      "status" : "passed",
      "steps" : [ ],
      "attachments" : [ ],
      "parameters" : [ ],
      "attachmentsCount" : 0,
      "shouldDisplayMessage" : false,
      "stepsCount" : 0,
      "hasContent" : false
    }, {
      "name" : "Site header visible",
      "time" : {
        "start" : 1706535863549,
        "stop" : 1706535863559,
        "duration" : 10
      },
      "status" : "passed",
      "steps" : [ ],
      "attachments" : [ ],
      "parameters" : [ ],
      "attachmentsCount" : 0,
      "shouldDisplayMessage" : false,
      "stepsCount" : 0,
      "hasContent" : false
    }, {
      "name" : "Page https://automationexercise.com/contact_us is opened",
      "time" : {
        "start" : 1706535863559,
        "stop" : 1706535863561,
        "duration" : 2
      },
      "status" : "passed",
      "steps" : [ ],
      "attachments" : [ ],
      "parameters" : [ ],
      "attachmentsCount" : 0,
      "shouldDisplayMessage" : false,
      "stepsCount" : 0,
      "hasContent" : false
    }, {
      "name" : "'Contact Us' send form visible",
      "time" : {
        "start" : 1706535863561,
        "stop" : 1706535863764,
        "duration" : 203
      },
      "status" : "passed",
      "steps" : [ ],
      "attachments" : [ {
        "uid" : "4dcb1e4b505c61a2",
        "name" : "Contact Us form",
        "source" : "4dcb1e4b505c61a2.png",
        "type" : "image/png",
        "size" : 91436
      } ],
      "parameters" : [ ],
      "attachmentsCount" : 1,
      "shouldDisplayMessage" : false,
      "stepsCount" : 0,
      "hasContent" : true
    }, {
      "name" : "Fill Contact Us form with random data",
      "time" : {
        "start" : 1706535863764,
        "stop" : 1706535864250,
        "duration" : 486
      },
      "status" : "passed",
      "steps" : [ {
        "name" : "Fill field with value: 'Kevin Bryant'",
        "time" : {
          "start" : 1706535863764,
          "stop" : 1706535863833,
          "duration" : 69
        },
        "status" : "passed",
        "steps" : [ ],
        "attachments" : [ ],
        "parameters" : [ {
          "name" : "locator",
          "value" : "('css selector', '[data-qa=\"name\"]')"
        }, {
          "name" : "value",
          "value" : "'Kevin Bryant'"
        } ],
        "attachmentsCount" : 0,
        "shouldDisplayMessage" : false,
        "stepsCount" : 0,
        "hasContent" : true
      }, {
        "name" : "Fill field with value: 'shane29@example.org'",
        "time" : {
          "start" : 1706535863833,
          "stop" : 1706535863929,
          "duration" : 96
        },
        "status" : "passed",
        "steps" : [ ],
        "attachments" : [ ],
        "parameters" : [ {
          "name" : "locator",
          "value" : "('css selector', '[data-qa=\"email\"]')"
        }, {
          "name" : "value",
          "value" : "'shane29@example.org'"
        } ],
        "attachmentsCount" : 0,
        "shouldDisplayMessage" : false,
        "stepsCount" : 0,
        "hasContent" : true
      }, {
        "name" : "Fill field with value: 'List pass ago front.'",
        "time" : {
          "start" : 1706535863929,
          "stop" : 1706535864001,
          "duration" : 72
        },
        "status" : "passed",
        "steps" : [ ],
        "attachments" : [ ],
        "parameters" : [ {
          "name" : "locator",
          "value" : "('css selector', '[data-qa=\"subject\"]')"
        }, {
          "name" : "value",
          "value" : "'List pass ago front.'"
        } ],
        "attachmentsCount" : 0,
        "shouldDisplayMessage" : false,
        "stepsCount" : 0,
        "hasContent" : true
      }, {
        "name" : "Fill field with value: 'Operation interesting six create thus boy. Along note Republican discuss position need.'",
        "time" : {
          "start" : 1706535864001,
          "stop" : 1706535864119,
          "duration" : 118
        },
        "status" : "passed",
        "steps" : [ ],
        "attachments" : [ ],
        "parameters" : [ {
          "name" : "locator",
          "value" : "('css selector', '[data-qa=\"message\"]')"
        }, {
          "name" : "value",
          "value" : "'Operation interesting six create thus boy. Along note Republican discuss position need.'"
        } ],
        "attachmentsCount" : 0,
        "shouldDisplayMessage" : false,
        "stepsCount" : 0,
        "hasContent" : true
      } ],
      "attachments" : [ {
        "uid" : "a931a16e42c7547e",
        "name" : "Filled form",
        "source" : "a931a16e42c7547e.png",
        "type" : "image/png",
        "size" : 102172
      } ],
      "parameters" : [ ],
      "attachmentsCount" : 1,
      "shouldDisplayMessage" : false,
      "stepsCount" : 4,
      "hasContent" : true
    }, {
      "name" : "Upload file to Contact Us form",
      "time" : {
        "start" : 1706535864250,
        "stop" : 1706535864414,
        "duration" : 164
      },
      "status" : "passed",
      "steps" : [ ],
      "attachments" : [ {
        "uid" : "5ee6f6bece71d6c7",
        "name" : "File uploaded",
        "source" : "5ee6f6bece71d6c7.png",
        "type" : "image/png",
        "size" : 103302
      } ],
      "parameters" : [ ],
      "attachmentsCount" : 1,
      "shouldDisplayMessage" : false,
      "stepsCount" : 0,
      "hasContent" : true
    }, {
      "name" : "Click submit button",
      "time" : {
        "start" : 1706535864414,
        "stop" : 1706535864472,
        "duration" : 58
      },
      "status" : "passed",
      "steps" : [ ],
      "attachments" : [ ],
      "parameters" : [ ],
      "attachmentsCount" : 0,
      "shouldDisplayMessage" : false,
      "stepsCount" : 0,
      "hasContent" : false
    }, {
      "name" : "Accept confirmation alert",
      "time" : {
        "start" : 1706535864472,
        "stop" : 1706535864474,
        "duration" : 2
      },
      "status" : "passed",
      "steps" : [ ],
      "attachments" : [ ],
      "parameters" : [ ],
      "attachmentsCount" : 0,
      "shouldDisplayMessage" : false,
      "stepsCount" : 0,
      "hasContent" : false
    }, {
      "name" : "Click Home button",
      "time" : {
        "start" : 1706535864634,
        "stop" : 1706535864717,
        "duration" : 83
      },
      "status" : "passed",
      "steps" : [ ],
      "attachments" : [ ],
      "parameters" : [ ],
      "attachmentsCount" : 0,
      "shouldDisplayMessage" : false,
      "stepsCount" : 0,
      "hasContent" : false
    }, {
      "name" : "Site header visible",
      "time" : {
        "start" : 1706535864718,
        "stop" : 1706535864735,
        "duration" : 17
      },
      "status" : "passed",
      "steps" : [ ],
      "attachments" : [ ],
      "parameters" : [ ],
      "attachmentsCount" : 0,
      "shouldDisplayMessage" : false,
      "stepsCount" : 0,
      "hasContent" : false
    }, {
      "name" : "Site header visible",
      "time" : {
        "start" : 1706535864735,
        "stop" : 1706535864752,
        "duration" : 17
      },
      "status" : "passed",
      "steps" : [ ],
      "attachments" : [ ],
      "parameters" : [ ],
      "attachmentsCount" : 0,
      "shouldDisplayMessage" : false,
      "stepsCount" : 0,
      "hasContent" : false
    }, {
      "name" : "Page https://automationexercise.com/ is opened",
      "time" : {
        "start" : 1706535864752,
        "stop" : 1706535879798,
        "duration" : 15046
      },
      "status" : "broken",
      "statusMessage" : "selenium.common.exceptions.TimeoutException: Message: \n\n",
      "statusTrace" : "  File \"/usr/workspace/pages/base_page.py\", line 32, in is_opened\n    self.wait.until(EC.url_to_be(self.PAGE_URL.split('#')[0]))\n  File \"/usr/local/lib/python3.12/site-packages/selenium/webdriver/support/wait.py\", line 105, in until\n    raise TimeoutException(message, screen, stacktrace)\n",
      "steps" : [ ],
      "attachments" : [ ],
      "parameters" : [ ],
      "attachmentsCount" : 0,
      "shouldDisplayMessage" : true,
      "stepsCount" : 0,
      "hasContent" : true
    } ],
    "attachments" : [ {
      "uid" : "97248bb07b95740",
      "name" : "Success message",
      "source" : "97248bb07b95740.png",
      "type" : "image/png",
      "size" : 89706
    }, {
      "uid" : "e4017b277364b992",
      "name" : "Test Failure Details",
      "source" : "e4017b277364b992.txt",
      "type" : "text/plain",
      "size" : 106
    } ],
    "parameters" : [ ],
    "attachmentsCount" : 5,
    "shouldDisplayMessage" : true,
    "stepsCount" : 20,
    "hasContent" : true
  },
  "afterStages" : [ {
    "name" : "browser::0",
    "time" : {
      "start" : 1706535879835,
      "stop" : 1706535879984,
      "duration" : 149
    },
    "status" : "passed",
    "steps" : [ ],
    "attachments" : [ ],
    "parameters" : [ ],
    "attachmentsCount" : 0,
    "shouldDisplayMessage" : false,
    "stepsCount" : 0,
    "hasContent" : false
  } ],
  "labels" : [ {
    "name" : "tag",
    "value" : "TestCaseID: 6"
  }, {
    "name" : "feature",
    "value" : "Customer Support"
  }, {
    "name" : "severity",
    "value" : "critical"
  }, {
    "name" : "parentSuite",
    "value" : "tests"
  }, {
    "name" : "suite",
    "value" : "customer_support_feature_test"
  }, {
    "name" : "subSuite",
    "value" : "TestContactUsFeature"
  }, {
    "name" : "host",
    "value" : "047a55d655cd"
  }, {
    "name" : "thread",
    "value" : "1-MainThread"
  }, {
    "name" : "framework",
    "value" : "pytest"
  }, {
    "name" : "language",
    "value" : "cpython3"
  }, {
    "name" : "package",
    "value" : "tests.customer_support_feature_test"
  }, {
    "name" : "resultFormat",
    "value" : "allure2"
  } ],
  "parameters" : [ ],
  "links" : [ ],
  "hidden" : false,
  "retry" : false,
  "extra" : {
    "severity" : "critical",
    "retries" : [ ],
    "categories" : [ {
      "name" : "Test defects",
      "matchedStatuses" : [ ],
      "flaky" : false
    } ],
    "tags" : [ "TestCaseID: 6" ]
  },
  "source" : "b15bf12a607ba598.json",
  "parameterValues" : [ ]
}