{
  "uid" : "c10a7f477a1fcf56",
  "name" : "Contact Us Form",
  "fullName" : "tests.customer_support_feature_test.TestContactUsFeature#test_contact_us_form",
  "historyId" : "e65723a6056ad021773889a9622c5514",
  "time" : {
    "start" : 1706709097421,
    "stop" : 1706709117585,
    "duration" : 20164
  },
  "status" : "broken",
  "statusMessage" : "selenium.common.exceptions.TimeoutException: Message:",
  "statusTrace" : "self = <tests.customer_support_feature_test.TestContactUsFeature object at 0x7f2ba12df320>\n\n    @allure.title(\"Contact Us Form\")\n    @allure.severity(allure.severity_level.CRITICAL)\n    @allure.tag('TestCaseID: 6')\n    def test_contact_us_form(self):\n        self.home_page.open()\n        self.home_page.is_opened()\n        self.home_page.is_header_visible()\n        self.home_page.click_contact_us_button()\n        self.contact_us_page.is_opened()\n        self.contact_us_page.is_contact_us_form_visible()\n        self.contact_us_page.fill_contact_us_form()\n        self.contact_us_page.upload_file_to_contact_us()\n        self.contact_us_page.click_continue_button()\n        self.contact_us_page.accept_alert()\n        self.contact_us_page.make_screenshot(\"Success message\")\n        self.contact_us_page.click_home_bttn()\n        self.home_page.is_header_visible()\n>       self.home_page.is_opened()\n\ntests/customer_support_feature_test.py:25: \n_ _ _ _ _ _ _ _ _ _ _ _ _ _ _ _ _ _ _ _ _ _ _ _ _ _ _ _ _ _ _ _ _ _ _ _ _ _ _ _ \npages/base_page.py:33: in is_opened\n    self.wait.until_not(EC.url_contains(\"#google_vignette\"))\n_ _ _ _ _ _ _ _ _ _ _ _ _ _ _ _ _ _ _ _ _ _ _ _ _ _ _ _ _ _ _ _ _ _ _ _ _ _ _ _ \n\nself = <selenium.webdriver.support.wait.WebDriverWait (session=\"c336d1462b724e3716ce4e647f0ee547\")>\nmethod = <function url_contains.<locals>._predicate at 0x7f2ba1edb240>\nmessage = ''\n\n    def until_not(self, method: Callable[[D], T], message: str = \"\") -> Union[T, Literal[True]]:\n        \"\"\"Calls the method provided with the driver as an argument until the \\\n        return value evaluates to ``False``.\n    \n        :param method: callable(WebDriver)\n        :param message: optional message for :exc:`TimeoutException`\n        :returns: the result of the last call to `method`, or\n                  ``True`` if `method` has raised one of the ignored exceptions\n        :raises: :exc:`selenium.common.exceptions.TimeoutException` if timeout occurs\n        \"\"\"\n        end_time = time.monotonic() + self._timeout\n        while True:\n            try:\n                value = method(self._driver)\n                if not value:\n                    return value\n            except self._ignored_exceptions:\n                return True\n            time.sleep(self._poll)\n            if time.monotonic() > end_time:\n                break\n>       raise TimeoutException(message)\nE       selenium.common.exceptions.TimeoutException: Message:\n\n../local/lib/python3.12/site-packages/selenium/webdriver/support/wait.py:128: TimeoutException",
  "flaky" : false,
  "newFailed" : false,
  "beforeStages" : [ {
    "name" : "setup",
    "time" : {
      "start" : 1706709097124,
      "stop" : 1706709097420,
      "duration" : 296
    },
    "status" : "passed",
    "steps" : [ ],
    "attachments" : [ ],
    "parameters" : [ ],
    "attachmentsCount" : 0,
    "shouldDisplayMessage" : false,
    "stepsCount" : 0,
    "hasContent" : false
  }, {
    "name" : "_session_faker",
    "time" : {
      "start" : 1706709096103,
      "stop" : 1706709096177,
      "duration" : 74
    },
    "status" : "passed",
    "steps" : [ ],
    "attachments" : [ ],
    "parameters" : [ ],
    "attachmentsCount" : 0,
    "shouldDisplayMessage" : false,
    "stepsCount" : 0,
    "hasContent" : false
  }, {
    "name" : "browser",
    "time" : {
      "start" : 1706709096177,
      "stop" : 1706709097124,
      "duration" : 947
    },
    "status" : "passed",
    "steps" : [ ],
    "attachments" : [ ],
    "parameters" : [ ],
    "attachmentsCount" : 0,
    "shouldDisplayMessage" : false,
    "stepsCount" : 0,
    "hasContent" : false
  } ],
  "testStage" : {
    "status" : "broken",
    "statusMessage" : "selenium.common.exceptions.TimeoutException: Message:",
    "statusTrace" : "self = <tests.customer_support_feature_test.TestContactUsFeature object at 0x7f2ba12df320>\n\n    @allure.title(\"Contact Us Form\")\n    @allure.severity(allure.severity_level.CRITICAL)\n    @allure.tag('TestCaseID: 6')\n    def test_contact_us_form(self):\n        self.home_page.open()\n        self.home_page.is_opened()\n        self.home_page.is_header_visible()\n        self.home_page.click_contact_us_button()\n        self.contact_us_page.is_opened()\n        self.contact_us_page.is_contact_us_form_visible()\n        self.contact_us_page.fill_contact_us_form()\n        self.contact_us_page.upload_file_to_contact_us()\n        self.contact_us_page.click_continue_button()\n        self.contact_us_page.accept_alert()\n        self.contact_us_page.make_screenshot(\"Success message\")\n        self.contact_us_page.click_home_bttn()\n        self.home_page.is_header_visible()\n>       self.home_page.is_opened()\n\ntests/customer_support_feature_test.py:25: \n_ _ _ _ _ _ _ _ _ _ _ _ _ _ _ _ _ _ _ _ _ _ _ _ _ _ _ _ _ _ _ _ _ _ _ _ _ _ _ _ \npages/base_page.py:33: in is_opened\n    self.wait.until_not(EC.url_contains(\"#google_vignette\"))\n_ _ _ _ _ _ _ _ _ _ _ _ _ _ _ _ _ _ _ _ _ _ _ _ _ _ _ _ _ _ _ _ _ _ _ _ _ _ _ _ \n\nself = <selenium.webdriver.support.wait.WebDriverWait (session=\"c336d1462b724e3716ce4e647f0ee547\")>\nmethod = <function url_contains.<locals>._predicate at 0x7f2ba1edb240>\nmessage = ''\n\n    def until_not(self, method: Callable[[D], T], message: str = \"\") -> Union[T, Literal[True]]:\n        \"\"\"Calls the method provided with the driver as an argument until the \\\n        return value evaluates to ``False``.\n    \n        :param method: callable(WebDriver)\n        :param message: optional message for :exc:`TimeoutException`\n        :returns: the result of the last call to `method`, or\n                  ``True`` if `method` has raised one of the ignored exceptions\n        :raises: :exc:`selenium.common.exceptions.TimeoutException` if timeout occurs\n        \"\"\"\n        end_time = time.monotonic() + self._timeout\n        while True:\n            try:\n                value = method(self._driver)\n                if not value:\n                    return value\n            except self._ignored_exceptions:\n                return True\n            time.sleep(self._poll)\n            if time.monotonic() > end_time:\n                break\n>       raise TimeoutException(message)\nE       selenium.common.exceptions.TimeoutException: Message:\n\n../local/lib/python3.12/site-packages/selenium/webdriver/support/wait.py:128: TimeoutException",
    "steps" : [ {
      "name" : "Open https://automationexercise.com/ page",
      "time" : {
        "start" : 1706709097421,
        "stop" : 1706709098956,
        "duration" : 1535
      },
      "status" : "passed",
      "steps" : [ ],
      "attachments" : [ ],
      "parameters" : [ ],
      "attachmentsCount" : 0,
      "shouldDisplayMessage" : false,
      "stepsCount" : 0,
      "hasContent" : false
    }, {
      "name" : "Page https://automationexercise.com/ is opened",
      "time" : {
        "start" : 1706709098965,
        "stop" : 1706709098974,
        "duration" : 9
      },
      "status" : "passed",
      "steps" : [ ],
      "attachments" : [ ],
      "parameters" : [ ],
      "attachmentsCount" : 0,
      "shouldDisplayMessage" : false,
      "stepsCount" : 0,
      "hasContent" : false
    }, {
      "name" : "Site header visible",
      "time" : {
        "start" : 1706709098974,
        "stop" : 1706709098991,
        "duration" : 17
      },
      "status" : "passed",
      "steps" : [ ],
      "attachments" : [ ],
      "parameters" : [ ],
      "attachmentsCount" : 0,
      "shouldDisplayMessage" : false,
      "stepsCount" : 0,
      "hasContent" : false
    }, {
      "name" : "Click 'Contact Us' header button",
      "time" : {
        "start" : 1706709098991,
        "stop" : 1706709100768,
        "duration" : 1777
      },
      "status" : "passed",
      "steps" : [ ],
      "attachments" : [ ],
      "parameters" : [ ],
      "attachmentsCount" : 0,
      "shouldDisplayMessage" : false,
      "stepsCount" : 0,
      "hasContent" : false
    }, {
      "name" : "Page https://automationexercise.com/contact_us is opened",
      "time" : {
        "start" : 1706709100777,
        "stop" : 1706709100814,
        "duration" : 37
      },
      "status" : "passed",
      "steps" : [ ],
      "attachments" : [ ],
      "parameters" : [ ],
      "attachmentsCount" : 0,
      "shouldDisplayMessage" : false,
      "stepsCount" : 0,
      "hasContent" : false
    }, {
      "name" : "'Contact Us' send form visible",
      "time" : {
        "start" : 1706709100815,
        "stop" : 1706709101057,
        "duration" : 242
      },
      "status" : "passed",
      "steps" : [ ],
      "attachments" : [ {
        "uid" : "8af4d781dc20ecac",
        "name" : "Contact Us form",
        "source" : "8af4d781dc20ecac.png",
        "type" : "image/png",
        "size" : 91408
      } ],
      "parameters" : [ ],
      "attachmentsCount" : 1,
      "shouldDisplayMessage" : false,
      "stepsCount" : 0,
      "hasContent" : true
    }, {
      "name" : "Fill Contact Us form with random data",
      "time" : {
        "start" : 1706709101057,
        "stop" : 1706709101562,
        "duration" : 505
      },
      "status" : "passed",
      "steps" : [ {
        "name" : "Fill field with value: 'Frank Allison'",
        "time" : {
          "start" : 1706709101058,
          "stop" : 1706709101142,
          "duration" : 84
        },
        "status" : "passed",
        "steps" : [ ],
        "attachments" : [ ],
        "parameters" : [ {
          "name" : "locator",
          "value" : "('css selector', '[data-qa=\"name\"]')"
        }, {
          "name" : "value",
          "value" : "'Frank Allison'"
        } ],
        "attachmentsCount" : 0,
        "shouldDisplayMessage" : false,
        "stepsCount" : 0,
        "hasContent" : true
      }, {
        "name" : "Fill field with value: 'millertiffany@example.com'",
        "time" : {
          "start" : 1706709101143,
          "stop" : 1706709101219,
          "duration" : 76
        },
        "status" : "passed",
        "steps" : [ ],
        "attachments" : [ ],
        "parameters" : [ {
          "name" : "locator",
          "value" : "('css selector', '[data-qa=\"email\"]')"
        }, {
          "name" : "value",
          "value" : "'millertiffany@example.com'"
        } ],
        "attachmentsCount" : 0,
        "shouldDisplayMessage" : false,
        "stepsCount" : 0,
        "hasContent" : true
      }, {
        "name" : "Fill field with value: 'Expect yourself American hope entire guess.'",
        "time" : {
          "start" : 1706709101219,
          "stop" : 1706709101313,
          "duration" : 94
        },
        "status" : "passed",
        "steps" : [ ],
        "attachments" : [ ],
        "parameters" : [ {
          "name" : "locator",
          "value" : "('css selector', '[data-qa=\"subject\"]')"
        }, {
          "name" : "value",
          "value" : "'Expect yourself American hope entire guess.'"
        } ],
        "attachmentsCount" : 0,
        "shouldDisplayMessage" : false,
        "stepsCount" : 0,
        "hasContent" : true
      }, {
        "name" : "Fill field with value: 'Compare two guy half another look mind. According card gas.'",
        "time" : {
          "start" : 1706709101313,
          "stop" : 1706709101414,
          "duration" : 101
        },
        "status" : "passed",
        "steps" : [ ],
        "attachments" : [ ],
        "parameters" : [ {
          "name" : "locator",
          "value" : "('css selector', '[data-qa=\"message\"]')"
        }, {
          "name" : "value",
          "value" : "'Compare two guy half another look mind. According card gas.'"
        } ],
        "attachmentsCount" : 0,
        "shouldDisplayMessage" : false,
        "stepsCount" : 0,
        "hasContent" : true
      } ],
      "attachments" : [ {
        "uid" : "4f5fd0d618879fcc",
        "name" : "Filled form",
        "source" : "4f5fd0d618879fcc.png",
        "type" : "image/png",
        "size" : 102421
      } ],
      "parameters" : [ ],
      "attachmentsCount" : 1,
      "shouldDisplayMessage" : false,
      "stepsCount" : 4,
      "hasContent" : true
    }, {
      "name" : "Upload file to Contact Us form",
      "time" : {
        "start" : 1706709101562,
        "stop" : 1706709101723,
        "duration" : 161
      },
      "status" : "passed",
      "steps" : [ ],
      "attachments" : [ {
        "uid" : "68636dcc85ba22ca",
        "name" : "File uploaded",
        "source" : "68636dcc85ba22ca.png",
        "type" : "image/png",
        "size" : 103626
      } ],
      "parameters" : [ ],
      "attachmentsCount" : 1,
      "shouldDisplayMessage" : false,
      "stepsCount" : 0,
      "hasContent" : true
    }, {
      "name" : "Click submit button",
      "time" : {
        "start" : 1706709101723,
        "stop" : 1706709101781,
        "duration" : 58
      },
      "status" : "passed",
      "steps" : [ ],
      "attachments" : [ ],
      "parameters" : [ ],
      "attachmentsCount" : 0,
      "shouldDisplayMessage" : false,
      "stepsCount" : 0,
      "hasContent" : false
    }, {
      "name" : "Accept confirmation alert",
      "time" : {
        "start" : 1706709101781,
        "stop" : 1706709101783,
        "duration" : 2
      },
      "status" : "passed",
      "steps" : [ ],
      "attachments" : [ ],
      "parameters" : [ ],
      "attachmentsCount" : 0,
      "shouldDisplayMessage" : false,
      "stepsCount" : 0,
      "hasContent" : false
    }, {
      "name" : "Click Home button",
      "time" : {
        "start" : 1706709101953,
        "stop" : 1706709102028,
        "duration" : 75
      },
      "status" : "passed",
      "steps" : [ ],
      "attachments" : [ ],
      "parameters" : [ ],
      "attachmentsCount" : 0,
      "shouldDisplayMessage" : false,
      "stepsCount" : 0,
      "hasContent" : false
    }, {
      "name" : "Site header visible",
      "time" : {
        "start" : 1706709102028,
        "stop" : 1706709102052,
        "duration" : 24
      },
      "status" : "passed",
      "steps" : [ ],
      "attachments" : [ ],
      "parameters" : [ ],
      "attachmentsCount" : 0,
      "shouldDisplayMessage" : false,
      "stepsCount" : 0,
      "hasContent" : false
    }, {
      "name" : "Close Advertisement",
      "time" : {
        "start" : 1706709102068,
        "stop" : 1706709102095,
        "duration" : 27
      },
      "status" : "broken",
      "statusMessage" : "selenium.common.exceptions.NoSuchElementException: Message: no such element: Unable to locate element: {\"method\":\"xpath\",\"selector\":\"//*[@id=\"dismiss-button\"]\"}\n  (Session info: chrome=112.0.5615.165); For documentation on this error, please visit: https://www.selenium.dev/documentation/webdriver/troubleshooting/errors#no-such-element-exception\n\n",
      "statusTrace" : "  File \"/usr/workspace/pages/header_footer_elements.py\", line 136, in check_and_close_ad_if_present\n    ad_close_button = self.browser.find_element(*self.AD_CLOSE_BTTN)\n                      ^^^^^^^^^^^^^^^^^^^^^^^^^^^^^^^^^^^^^^^^^^^^^^\n  File \"/usr/local/lib/python3.12/site-packages/selenium/webdriver/remote/webdriver.py\", line 742, in find_element\n    return self.execute(Command.FIND_ELEMENT, {\"using\": by, \"value\": value})[\"value\"]\n           ^^^^^^^^^^^^^^^^^^^^^^^^^^^^^^^^^^^^^^^^^^^^^^^^^^^^^^^^^^^^^^^^^\n  File \"/usr/local/lib/python3.12/site-packages/selenium/webdriver/remote/webdriver.py\", line 348, in execute\n    self.error_handler.check_response(response)\n  File \"/usr/local/lib/python3.12/site-packages/selenium/webdriver/remote/errorhandler.py\", line 229, in check_response\n    raise exception_class(message, screen, stacktrace)\n",
      "steps" : [ ],
      "attachments" : [ ],
      "parameters" : [ ],
      "attachmentsCount" : 0,
      "shouldDisplayMessage" : true,
      "stepsCount" : 0,
      "hasContent" : true
    }, {
      "name" : "Page https://automationexercise.com/ is opened",
      "time" : {
        "start" : 1706709102096,
        "stop" : 1706709117141,
        "duration" : 15045
      },
      "status" : "broken",
      "statusMessage" : "selenium.common.exceptions.TimeoutException: Message: \n\n",
      "statusTrace" : "  File \"/usr/workspace/pages/base_page.py\", line 33, in is_opened\n    self.wait.until_not(EC.url_contains(\"#google_vignette\"))\n  File \"/usr/local/lib/python3.12/site-packages/selenium/webdriver/support/wait.py\", line 128, in until_not\n    raise TimeoutException(message)\n",
      "steps" : [ ],
      "attachments" : [ ],
      "parameters" : [ ],
      "attachmentsCount" : 0,
      "shouldDisplayMessage" : true,
      "stepsCount" : 0,
      "hasContent" : true
    } ],
    "attachments" : [ {
      "uid" : "cc00992a0ebf4a8",
      "name" : "Success message",
      "source" : "cc00992a0ebf4a8.png",
      "type" : "image/png",
      "size" : 153141
    }, {
      "uid" : "8c35ff233cb33c94",
      "name" : "Opened page",
      "source" : "8c35ff233cb33c94.png",
      "type" : "image/png",
      "size" : 338228
    }, {
      "uid" : "65c6e751063fa56d",
      "name" : "Test Failure Details",
      "source" : "65c6e751063fa56d.txt",
      "type" : "text/plain",
      "size" : 106
    } ],
    "parameters" : [ ],
    "attachmentsCount" : 6,
    "shouldDisplayMessage" : true,
    "stepsCount" : 18,
    "hasContent" : true
  },
  "afterStages" : [ {
    "name" : "browser::0",
    "time" : {
      "start" : 1706709117630,
      "stop" : 1706709117828,
      "duration" : 198
    },
    "status" : "passed",
    "steps" : [ ],
    "attachments" : [ ],
    "parameters" : [ ],
    "attachmentsCount" : 0,
    "shouldDisplayMessage" : false,
    "stepsCount" : 0,
    "hasContent" : false
  } ],
  "labels" : [ {
    "name" : "severity",
    "value" : "critical"
  }, {
    "name" : "tag",
    "value" : "TestCaseID: 6"
  }, {
    "name" : "feature",
    "value" : "Customer Support"
  }, {
    "name" : "parentSuite",
    "value" : "tests"
  }, {
    "name" : "suite",
    "value" : "customer_support_feature_test"
  }, {
    "name" : "subSuite",
    "value" : "TestContactUsFeature"
  }, {
    "name" : "host",
    "value" : "43204a2bb24d"
  }, {
    "name" : "thread",
    "value" : "1-MainThread"
  }, {
    "name" : "framework",
    "value" : "pytest"
  }, {
    "name" : "language",
    "value" : "cpython3"
  }, {
    "name" : "package",
    "value" : "tests.customer_support_feature_test"
  }, {
    "name" : "resultFormat",
    "value" : "allure2"
  } ],
  "parameters" : [ ],
  "links" : [ ],
  "hidden" : false,
  "retry" : false,
  "extra" : {
    "severity" : "critical",
    "retries" : [ ],
    "categories" : [ {
      "name" : "Test defects",
      "matchedStatuses" : [ ],
      "flaky" : false
    } ],
    "tags" : [ "TestCaseID: 6" ]
  },
  "source" : "c10a7f477a1fcf56.json",
  "parameterValues" : [ ]
}