{
  "uid" : "e992c77207bc2bcc",
  "name" : "Place Order: Login before Checkout",
  "fullName" : "tests.shopping_checkout_feature_test.TestShoppingCheckoutFeature#test_order_placement_login_before_checkout",
  "historyId" : "b9c807418a093b7bc6f5975e51ed13bc",
  "time" : {
    "start" : 1706691950976,
    "stop" : 1706691968098,
    "duration" : 17122
  },
  "status" : "broken",
  "statusMessage" : "selenium.common.exceptions.TimeoutException: Message:",
  "statusTrace" : "self = <tests.shopping_checkout_feature_test.TestShoppingCheckoutFeature object at 0x7fbd26cad160>\n\n    @allure.title(\"Place Order: Login before Checkout\")\n    @allure.severity(allure.severity_level.CRITICAL)\n    @allure.story(\"Checkout Process\")\n    @allure.tag('TestCaseID: 16')\n    def test_order_placement_login_before_checkout(self):\n>       self.account_register()\n\ntests/shopping_checkout_feature_test.py:121: \n_ _ _ _ _ _ _ _ _ _ _ _ _ _ _ _ _ _ _ _ _ _ _ _ _ _ _ _ _ _ _ _ _ _ _ _ _ _ _ _ \ntests/base_test.py:63: in account_register\n    self.signup_page.fill_account_info_section()\npages/signup_page.py:41: in fill_account_info_section\n    self.select_radio_button(self.MR_RADIO_BTTN)\npages/base_page.py:67: in select_radio_button\n    radio_button = self.wait.until(EC.element_to_be_clickable(radio_locator))\n_ _ _ _ _ _ _ _ _ _ _ _ _ _ _ _ _ _ _ _ _ _ _ _ _ _ _ _ _ _ _ _ _ _ _ _ _ _ _ _ \n\nself = <selenium.webdriver.support.wait.WebDriverWait (session=\"9646e05017b418a1b8233f9cd718305e\")>\nmethod = <function element_to_be_clickable.<locals>._predicate at 0x7fbd23edf2e0>\nmessage = ''\n\n    def until(self, method: Callable[[D], Union[Literal[False], T]], message: str = \"\") -> T:\n        \"\"\"Calls the method provided with the driver as an argument until the \\\n        return value does not evaluate to ``False``.\n    \n        :param method: callable(WebDriver)\n        :param message: optional message for :exc:`TimeoutException`\n        :returns: the result of the last call to `method`\n        :raises: :exc:`selenium.common.exceptions.TimeoutException` if timeout occurs\n        \"\"\"\n        screen = None\n        stacktrace = None\n    \n        end_time = time.monotonic() + self._timeout\n        while True:\n            try:\n                value = method(self._driver)\n                if value:\n                    return value\n            except self._ignored_exceptions as exc:\n                screen = getattr(exc, \"screen\", None)\n                stacktrace = getattr(exc, \"stacktrace\", None)\n            time.sleep(self._poll)\n            if time.monotonic() > end_time:\n                break\n>       raise TimeoutException(message, screen, stacktrace)\nE       selenium.common.exceptions.TimeoutException: Message:\n\n../local/lib/python3.12/site-packages/selenium/webdriver/support/wait.py:105: TimeoutException",
  "flaky" : false,
  "newFailed" : false,
  "beforeStages" : [ {
    "name" : "_session_faker",
    "time" : {
      "start" : 1706691805348,
      "stop" : 1706691805436,
      "duration" : 88
    },
    "status" : "passed",
    "steps" : [ ],
    "attachments" : [ ],
    "parameters" : [ ],
    "attachmentsCount" : 0,
    "shouldDisplayMessage" : false,
    "stepsCount" : 0,
    "hasContent" : false
  }, {
    "name" : "browser",
    "time" : {
      "start" : 1706691949800,
      "stop" : 1706691950672,
      "duration" : 872
    },
    "status" : "passed",
    "steps" : [ ],
    "attachments" : [ ],
    "parameters" : [ ],
    "attachmentsCount" : 0,
    "shouldDisplayMessage" : false,
    "stepsCount" : 0,
    "hasContent" : false
  }, {
    "name" : "setup",
    "time" : {
      "start" : 1706691950673,
      "stop" : 1706691950976,
      "duration" : 303
    },
    "status" : "passed",
    "steps" : [ ],
    "attachments" : [ ],
    "parameters" : [ ],
    "attachmentsCount" : 0,
    "shouldDisplayMessage" : false,
    "stepsCount" : 0,
    "hasContent" : false
  } ],
  "testStage" : {
    "status" : "broken",
    "statusMessage" : "selenium.common.exceptions.TimeoutException: Message:",
    "statusTrace" : "self = <tests.shopping_checkout_feature_test.TestShoppingCheckoutFeature object at 0x7fbd26cad160>\n\n    @allure.title(\"Place Order: Login before Checkout\")\n    @allure.severity(allure.severity_level.CRITICAL)\n    @allure.story(\"Checkout Process\")\n    @allure.tag('TestCaseID: 16')\n    def test_order_placement_login_before_checkout(self):\n>       self.account_register()\n\ntests/shopping_checkout_feature_test.py:121: \n_ _ _ _ _ _ _ _ _ _ _ _ _ _ _ _ _ _ _ _ _ _ _ _ _ _ _ _ _ _ _ _ _ _ _ _ _ _ _ _ \ntests/base_test.py:63: in account_register\n    self.signup_page.fill_account_info_section()\npages/signup_page.py:41: in fill_account_info_section\n    self.select_radio_button(self.MR_RADIO_BTTN)\npages/base_page.py:67: in select_radio_button\n    radio_button = self.wait.until(EC.element_to_be_clickable(radio_locator))\n_ _ _ _ _ _ _ _ _ _ _ _ _ _ _ _ _ _ _ _ _ _ _ _ _ _ _ _ _ _ _ _ _ _ _ _ _ _ _ _ \n\nself = <selenium.webdriver.support.wait.WebDriverWait (session=\"9646e05017b418a1b8233f9cd718305e\")>\nmethod = <function element_to_be_clickable.<locals>._predicate at 0x7fbd23edf2e0>\nmessage = ''\n\n    def until(self, method: Callable[[D], Union[Literal[False], T]], message: str = \"\") -> T:\n        \"\"\"Calls the method provided with the driver as an argument until the \\\n        return value does not evaluate to ``False``.\n    \n        :param method: callable(WebDriver)\n        :param message: optional message for :exc:`TimeoutException`\n        :returns: the result of the last call to `method`\n        :raises: :exc:`selenium.common.exceptions.TimeoutException` if timeout occurs\n        \"\"\"\n        screen = None\n        stacktrace = None\n    \n        end_time = time.monotonic() + self._timeout\n        while True:\n            try:\n                value = method(self._driver)\n                if value:\n                    return value\n            except self._ignored_exceptions as exc:\n                screen = getattr(exc, \"screen\", None)\n                stacktrace = getattr(exc, \"stacktrace\", None)\n            time.sleep(self._poll)\n            if time.monotonic() > end_time:\n                break\n>       raise TimeoutException(message, screen, stacktrace)\nE       selenium.common.exceptions.TimeoutException: Message:\n\n../local/lib/python3.12/site-packages/selenium/webdriver/support/wait.py:105: TimeoutException",
    "steps" : [ {
      "name" : "Open https://automationexercise.com/ page",
      "time" : {
        "start" : 1706691950976,
        "stop" : 1706691951764,
        "duration" : 788
      },
      "status" : "passed",
      "steps" : [ ],
      "attachments" : [ ],
      "parameters" : [ ],
      "attachmentsCount" : 0,
      "shouldDisplayMessage" : false,
      "stepsCount" : 0,
      "hasContent" : false
    }, {
      "name" : "Page https://automationexercise.com/ is opened",
      "time" : {
        "start" : 1706691951774,
        "stop" : 1706691951784,
        "duration" : 10
      },
      "status" : "passed",
      "steps" : [ ],
      "attachments" : [ ],
      "parameters" : [ ],
      "attachmentsCount" : 0,
      "shouldDisplayMessage" : false,
      "stepsCount" : 0,
      "hasContent" : false
    }, {
      "name" : "Click Signup/Login header button",
      "time" : {
        "start" : 1706691951784,
        "stop" : 1706691952212,
        "duration" : 428
      },
      "status" : "passed",
      "steps" : [ ],
      "attachments" : [ ],
      "parameters" : [ ],
      "attachmentsCount" : 0,
      "shouldDisplayMessage" : false,
      "stepsCount" : 0,
      "hasContent" : false
    }, {
      "name" : "Page https://automationexercise.com/login is opened",
      "time" : {
        "start" : 1706691952216,
        "stop" : 1706691952225,
        "duration" : 9
      },
      "status" : "passed",
      "steps" : [ ],
      "attachments" : [ ],
      "parameters" : [ ],
      "attachmentsCount" : 0,
      "shouldDisplayMessage" : false,
      "stepsCount" : 0,
      "hasContent" : false
    }, {
      "name" : "Enter name for signup",
      "time" : {
        "start" : 1706691952225,
        "stop" : 1706691952357,
        "duration" : 132
      },
      "status" : "passed",
      "steps" : [ {
        "name" : "Fill field with value: 'Jeffrey Hayes'",
        "time" : {
          "start" : 1706691952225,
          "stop" : 1706691952357,
          "duration" : 132
        },
        "status" : "passed",
        "steps" : [ ],
        "attachments" : [ ],
        "parameters" : [ {
          "name" : "locator",
          "value" : "('css selector', '[data-qa=\"signup-name\"]')"
        }, {
          "name" : "value",
          "value" : "'Jeffrey Hayes'"
        } ],
        "attachmentsCount" : 0,
        "shouldDisplayMessage" : false,
        "stepsCount" : 0,
        "hasContent" : true
      } ],
      "attachments" : [ ],
      "parameters" : [ ],
      "attachmentsCount" : 0,
      "shouldDisplayMessage" : false,
      "stepsCount" : 1,
      "hasContent" : true
    }, {
      "name" : "Enter email for signup",
      "time" : {
        "start" : 1706691952357,
        "stop" : 1706691952458,
        "duration" : 101
      },
      "status" : "passed",
      "steps" : [ {
        "name" : "Fill field with value: 'testmail1988@mail.com'",
        "time" : {
          "start" : 1706691952357,
          "stop" : 1706691952458,
          "duration" : 101
        },
        "status" : "passed",
        "steps" : [ ],
        "attachments" : [ ],
        "parameters" : [ {
          "name" : "locator",
          "value" : "('css selector', '[data-qa=\"signup-email\"]')"
        }, {
          "name" : "value",
          "value" : "'testmail1988@mail.com'"
        } ],
        "attachmentsCount" : 0,
        "shouldDisplayMessage" : false,
        "stepsCount" : 0,
        "hasContent" : true
      } ],
      "attachments" : [ ],
      "parameters" : [ ],
      "attachmentsCount" : 0,
      "shouldDisplayMessage" : false,
      "stepsCount" : 1,
      "hasContent" : true
    }, {
      "name" : "Click signup button",
      "time" : {
        "start" : 1706691952458,
        "stop" : 1706691952936,
        "duration" : 478
      },
      "status" : "passed",
      "steps" : [ ],
      "attachments" : [ ],
      "parameters" : [ ],
      "attachmentsCount" : 0,
      "shouldDisplayMessage" : false,
      "stepsCount" : 0,
      "hasContent" : false
    }, {
      "name" : "Page https://automationexercise.com/signup is opened",
      "time" : {
        "start" : 1706691952941,
        "stop" : 1706691952949,
        "duration" : 8
      },
      "status" : "passed",
      "steps" : [ ],
      "attachments" : [ ],
      "parameters" : [ ],
      "attachmentsCount" : 0,
      "shouldDisplayMessage" : false,
      "stepsCount" : 0,
      "hasContent" : false
    }, {
      "name" : "Fill 'Enter Account Information' section",
      "time" : {
        "start" : 1706691952949,
        "stop" : 1706691968098,
        "duration" : 15149
      },
      "status" : "broken",
      "statusMessage" : "selenium.common.exceptions.TimeoutException: Message: \n\n",
      "statusTrace" : "  File \"/usr/local/lib/python3.12/site-packages/allure_commons/_allure.py\", line 192, in impl\n    return func(*a, **kw)\n           ^^^^^^^^^^^^^^\n  File \"/usr/workspace/pages/signup_page.py\", line 41, in fill_account_info_section\n    self.select_radio_button(self.MR_RADIO_BTTN)\n  File \"/usr/workspace/pages/base_page.py\", line 67, in select_radio_button\n    radio_button = self.wait.until(EC.element_to_be_clickable(radio_locator))\n                   ^^^^^^^^^^^^^^^^^^^^^^^^^^^^^^^^^^^^^^^^^^^^^^^^^^^^^^^^^^\n  File \"/usr/local/lib/python3.12/site-packages/selenium/webdriver/support/wait.py\", line 105, in until\n    raise TimeoutException(message, screen, stacktrace)\n",
      "steps" : [ ],
      "attachments" : [ ],
      "parameters" : [ ],
      "attachmentsCount" : 0,
      "shouldDisplayMessage" : true,
      "stepsCount" : 0,
      "hasContent" : true
    } ],
    "attachments" : [ ],
    "parameters" : [ ],
    "attachmentsCount" : 0,
    "shouldDisplayMessage" : true,
    "stepsCount" : 11,
    "hasContent" : true
  },
  "afterStages" : [ {
    "name" : "browser::0",
    "time" : {
      "start" : 1706691968108,
      "stop" : 1706691968224,
      "duration" : 116
    },
    "status" : "passed",
    "steps" : [ ],
    "attachments" : [ ],
    "parameters" : [ ],
    "attachmentsCount" : 0,
    "shouldDisplayMessage" : false,
    "stepsCount" : 0,
    "hasContent" : false
  } ],
  "labels" : [ {
    "name" : "severity",
    "value" : "critical"
  }, {
    "name" : "tag",
    "value" : "TestCaseID: 16"
  }, {
    "name" : "story",
    "value" : "Checkout Process"
  }, {
    "name" : "feature",
    "value" : "Shopping & Checkout"
  }, {
    "name" : "parentSuite",
    "value" : "tests"
  }, {
    "name" : "suite",
    "value" : "shopping_checkout_feature_test"
  }, {
    "name" : "subSuite",
    "value" : "TestShoppingCheckoutFeature"
  }, {
    "name" : "host",
    "value" : "72ca54061f8d"
  }, {
    "name" : "thread",
    "value" : "1-MainThread"
  }, {
    "name" : "framework",
    "value" : "pytest"
  }, {
    "name" : "language",
    "value" : "cpython3"
  }, {
    "name" : "package",
    "value" : "tests.shopping_checkout_feature_test"
  }, {
    "name" : "resultFormat",
    "value" : "allure2"
  } ],
  "parameters" : [ ],
  "links" : [ ],
  "hidden" : false,
  "retry" : false,
  "extra" : {
    "severity" : "critical",
    "retries" : [ ],
    "categories" : [ {
      "name" : "Test defects",
      "matchedStatuses" : [ ],
      "flaky" : false
    } ],
    "tags" : [ "TestCaseID: 16" ]
  },
  "source" : "e992c77207bc2bcc.json",
  "parameterValues" : [ ]
}